[25-Feb-2026 00:20:52 Europe/Berlin] [2captcha] Respuesta createTask: {"status":1,"request":"82004600166"}
[25-Feb-2026 00:20:52 Europe/Berlin] [2captcha] TaskId obtenido: 82004600166
[25-Feb-2026 00:21:03 Europe/Berlin] [2captcha] Polling: {"status":0,"request":"CAPCHA_NOT_READY"}
[25-Feb-2026 00:21:09 Europe/Berlin] [2captcha] Polling: {"status":0,"request":"CAPCHA_NOT_READY"}
[25-Feb-2026 00:21:14 Europe/Berlin] [2captcha] Polling: {"status":0,"request":"CAPCHA_NOT_READY"}
[25-Feb-2026 00:21:20 Europe/Berlin] [2captcha] Polling: {"status":0,"request":"CAPCHA_NOT_READY"}
[25-Feb-2026 00:21:25 Europe/Berlin] [2captcha] Polling: {"status":0,"request":"CAPCHA_NOT_READY"}
[25-Feb-2026 00:21:31 Europe/Berlin] [2captcha] Polling: {"status":0,"request":"CAPCHA_NOT_READY"}
[25-Feb-2026 00:21:37 Europe/Berlin] [2captcha] Polling: {"status":0,"request":"CAPCHA_NOT_READY"}
[25-Feb-2026 00:21:43 Europe/Berlin] [2captcha] Polling: {"status":0,"request":"CAPCHA_NOT_READY"}
[25-Feb-2026 00:21:48 Europe/Berlin] [2captcha] Polling: {"status":0,"request":"CAPCHA_NOT_READY"}
[25-Feb-2026 00:21:54 Europe/Berlin] [2captcha] Polling: {"status":0,"request":"CAPCHA_NOT_READY"}
[25-Feb-2026 00:21:59 Europe/Berlin] [2captcha] Polling: {"status":0,"request":"CAPCHA_NOT_READY"}
[25-Feb-2026 00:22:05 Europe/Berlin] [2captcha] Polling: {"status":0,"request":"CAPCHA_NOT_READY"}
[25-Feb-2026 00:22:11 Europe/Berlin] [2captcha] Polling: {"status":0,"request":"CAPCHA_NOT_READY"}
[25-Feb-2026 00:22:17 Europe/Berlin] [2captcha] Polling: {"status":0,"request":"CAPCHA_NOT_READY"}
[25-Feb-2026 00:22:19 Europe/Berlin] [2captcha] Respuesta createTask: {"status":1,"request":"82004609937"}
[25-Feb-2026 00:22:19 Europe/Berlin] [2captcha] TaskId obtenido: 82004609937
[25-Feb-2026 00:22:23 Europe/Berlin] [2captcha] Polling: {"status":0,"request":"CAPCHA_NOT_READY"}
[25-Feb-2026 00:22:28 Europe/Berlin] [2captcha] Polling: {"status":0,"request":"CAPCHA_NOT_READY"}
[25-Feb-2026 00:22:30 Europe/Berlin] [2captcha] Polling: {"status":0,"request":"CAPCHA_NOT_READY"}
[25-Feb-2026 00:22:34 Europe/Berlin] [2captcha] Polling: {"status":1,"request":"0cAFcWeA6aUCOoQDJ194LOXVZvT7LyAfC_4ZYX-7Vqm-SwOewnFfzoXEjeJfFRiSDAQVVCZxUR09W7pLhRO_qM1xG2FNllwNh6vBC2NEGoDE-BJ3PwuqcCU0rnGnfoBqwCGzpBRN8u2kPYh2XyMXuEkJBU0HM-KQjlGRPntqrb8504f1JRLVq-iFQYHrW10yY-GIXvMwc-NuDJj4rYUzwn6bPTjluHtoIDUoPMkFxvaGc4c3Zp55pHyr8hMRvkddQM5oMkr5a8KmMlkIfPnRqYClNOUH3uqsm6Yq1QmFARUY1Tj4hVt_o9efRIAvGsaSoa7SapVLKNqDGZehWJ5-rbouZGgbdY_pSLiM9LfAo-9kAUaLVMcIAFbWuVRbaFpX7-ordo8eg89tsiLtfyDgLZP8wZjd9A7ghpqHtoNQX96lWo16-TmLpW2SU0cX1_IGtajIatPz6qfLWESAqQ19eX6yRWdk3sEL16B_8dZkPc-79ngX3GjS2JQxE4-TQVT1P_KGxtjhg4gUkVVR4dCufXeWsMTSyvMNUu5AsuwTqzt2o54FZwApsGCMzv7X67xVTkKUc4d--T2Gvw8Nqu6qVN8Mg7uWQXCIIs5wYm2Fkf28sTxRLjQKjuiI0QYl9nKKhslL6e-BL745_sdRmd0Cb0Nszdawz52BAPOxfR1FJPOVq0CjdWTKH_3GpYWgmp-8D89N69fmDpfhzFkrKwtzN_A8LZlw4JpPjQH884KBhT5Xj-apDtv3RmhxUrfUfAm3Ki3suzLRY67SPcNCFUKTDrel9Wv0XJh5wWCDebW8Jwo7kQWsvGRph0iC5IfjyZAQscJLl96am868owI37IwFw1DmasMvCeEZpvkNtnYjPICTd2R1hGobKjnr1aftxHvTlsYq5iT_ECrJt5xAbQoOPPV67GALi6aqeXHY508S4o_nekqIL-_nrvdLrZxjBtQlHqLNZMBmB1OyNt8H9Ur-amvYkuwOSHhMc9q0nxJFZzIGzE9nREXxszYFEK0jzCxPvgmQ46U7m4WYKh5E_eoBsQ3WxIBAJVJTg3w00NLd7yu1BbAd3qiRnHSpq8eIAuyPk0ArkqLCaH_etJjRAVCCUL_TWbatGriWhZ13QoPaZaTq7chQPdYgFfZV1f3CB-wgGd2P9qo7QHq4qYA9VebVBpUqb6wbcqWLDaCwqi142j0r0WtRvr7dTddRQsic6W3ArmNLleZ2C8_MzErnYtKLHkgnv2B328i-P75ck2P8UDS406VWwFRPwBifxnzrVe2BX7KneXNI6gGqJ9UYCyzgqmZClBaVhP1eQaWHrZPOrFqvbg5xyCmjtk9Q4KHpgDEjxtszbw5BVdVzcQhKi4zw-iHCLI-HYRQ47ZxDKlHoeZkLsOXYsfUADFWBKK8S-x8y_wO7z0L49siBnBtaJjysPlHvLNsz4EgiZS_mVgPJT2_98RB_dbz57eZT9g0Pfy1cmHwetb6YAsBFm7Fqw2TESWML2MddzA0nce1rL0o7K8fnMHLC_DQuNPLJ36ww5pUSA7RrM3IGV4X0j_f5c1KEiLgUZrHuaTxYMIOMFd44NVAq7pQR3aSSYT6ImmwmvBYc4-xPaUl8OZqAq8zVuYu0upKK5P8_T8Pnya47X0yBTp5SFu7hed63RLoIpN-_Zkc0cL9W3IKk_eylpfpKRBzBiSY6SLr0s7_as7k1E1boukKrg6ettj4-y8-UlQTXwCqEmtHM_WpPg-xgWzYmuyjhw_ResfbX6KRm2EapQ4KPxv8VDKH4hwwhendwKTebU_wymzQSy_bK3xWc1QpnvGMKRjZFN5kP78R2BFpBmcJ5tzWVyqBqyJpsOBAL239THfiwCDMR17rQy_6PpaLT64VTbJZvu4o6ZO7soPhVxt87tGs0OWnxX8uiDosouTXUY1u1ZIjs5HNneDdIdBOt1LqUDsJFqei2l9PVS_X2nWBG21gkKDBi3xXvL00d2PxqP1AZQi5y_BpdcKMjVCgOXotjhBSUkldi-tuPi8BQge0vcYTlenaZJ95nimZqhJlTcBLZipZxItSphhPaaJXbKn_75U9fW0605mpsjJoTVNpNWefNWtul84iODFg5Kpm_won1tQ8JM4rp-daYzguebikxqccZE4aEmv20aw6WPx9D33ORKzkDXyT1pAD103LWe3rm2XifILliju3Y8KXr5mUQq9wJby5aKQElZnY4YVD9nPmDjK3k6N5rfpBCI"}
[25-Feb-2026 00:22:34 Europe/Berlin] [2captcha] Token resuelto OK
[25-Feb-2026 00:22:35 Europe/Berlin] [2captcha] Polling: {"status":0,"request":"CAPCHA_NOT_READY"}
[25-Feb-2026 00:22:41 Europe/Berlin] [2captcha] Polling: {"status":0,"request":"CAPCHA_NOT_READY"}
[25-Feb-2026 00:22:47 Europe/Berlin] [2captcha] Polling: {"status":0,"request":"CAPCHA_NOT_READY"}
[25-Feb-2026 00:22:52 Europe/Berlin] [2captcha] Polling: {"status":0,"request":"CAPCHA_NOT_READY"}
[25-Feb-2026 00:22:58 Europe/Berlin] [2captcha] Polling: {"status":0,"request":"CAPCHA_NOT_READY"}
[25-Feb-2026 00:23:03 Europe/Berlin] [2captcha] Polling: {"status":0,"request":"CAPCHA_NOT_READY"}
[25-Feb-2026 00:23:09 Europe/Berlin] [2captcha] Polling: {"status":0,"request":"CAPCHA_NOT_READY"}
[25-Feb-2026 00:23:15 Europe/Berlin] [2captcha] Polling: {"status":0,"request":"CAPCHA_NOT_READY"}
[25-Feb-2026 00:23:20 Europe/Berlin] [2captcha] Polling: {"status":0,"request":"CAPCHA_NOT_READY"}
[25-Feb-2026 00:23:26 Europe/Berlin] [2captcha] Polling: {"status":0,"request":"CAPCHA_NOT_READY"}
[25-Feb-2026 00:23:32 Europe/Berlin] [2captcha] Polling: {"status":0,"request":"CAPCHA_NOT_READY"}
[25-Feb-2026 00:23:37 Europe/Berlin] [2captcha] Polling: {"status":0,"request":"CAPCHA_NOT_READY"}
[25-Feb-2026 00:23:43 Europe/Berlin] [2captcha] Polling: {"status":0,"request":"CAPCHA_NOT_READY"}
[25-Feb-2026 00:23:49 Europe/Berlin] [2captcha] Polling: {"status":0,"request":"CAPCHA_NOT_READY"}
[25-Feb-2026 00:23:54 Europe/Berlin] [2captcha] Polling: {"status":1,"request":"0cAFcWeA4O-HZ0DCaHnTDsM0fgKFkZwXmcEiTBYO0IOKPnq3JdLaJWq76tXXrtHhRzwIttiHv5ZxsFjwf1cvTAopA47ifLpoHxIbpE9R6oIPv2Eo4-lrL10RMnLVjcRa16TrCw2Xoe65vZg4mED9B2VHrVnN3jzXnbEEYtsanBMVtTJEB0Pl3XBo0nhOFdM6wkbMCHnjgjDvCP8rDPgtUWs6o-yUYeJW3ijeea4OI8xvTBw1UeeyBSxxGwKoHP3Pd-7XoPi87SdDi7fG_V0Lompjj8SIdbwkvh8SLbeUb9dZ1e1ffMlvLPVHQdZtjE7ntWLp4TPvjh6YXgmIG9rPcNum5-5ZV7D4_a_EfafAjkTgjkTH_zCUYqd7hMh5X1RJkTQUVlMzn3fLSZ0A5sRxH2arjvVFlCyKSe51VmjvPmmfZC2mweoMxzM2-ZtJBK-LK8KmkW5GC0MaVs9zuGjq83zQftPSyXryHfJE4N6L0TW8HFvMZ6uppEnmE5WH9ukyb6PdjEHCr00tMJHFmW7Zjaq3DcOKvwk-9vYu2GrOMeu8OhL4RR-EctQ0uzBG8BhsGIFOxjZbeyS8MAxis_eU8pAf9vSHhMfmHl_DUDV850VtE5JqqDhc8uZxur_QkHm5JVFxllw6eqyWT65w2Az0Xl4lUScSR4MpslrbuT8We8NwYhpuNLUdUbweB-ELuQuMYSxa4PVLuE5T0MCcz6LvJH2OqiJPCcJoKWr10rkrQeUtiNkG4co8wJB9k2EcHoIg76dOMRCWDGnjg_JqEgpBatTKB_rj1w5p-u_LYQdFg3k-oYpotci0C5ZzCWrxWuxTisLwGz1ONY77SD4hA4jdUXT6I85jF_0o_iNTO_Q0JHuJ-cuOph0fD5I5RnCP_0vM_9_Z3c4FFKWWqiDVyMP032GjvddnmQbHTpsyAlE7I6AFx0L2w7drpTKE-e47VuxLjd-2xHdepMaog0hN1g3lOml93L_u58SF1DBjfdStJXdRlwIrXYA_fCzf-LuiVj7PdNZJxFobkxtMODOH2p9YVF1kCG4SnVP3l-HYqyJPAgCzzrIBtqeLLimoMrJH5vEmkat0VEhpTOZIizrcYmrDCnIFycHseOhRbhgCAkOTJsWPHIkoX1KBkBtknW5VVBTW-SvUf1_vsELViREWLBEWEMwf8JcrjjCKbkznIzA4Wrka09CzwZICsa80nfUudjDis-nKHBNxTAVqSgm9SoUgPOHCl7uTdPimgUNDfbnplNAKCG8jGl24_n_8_T8WmdSMv45uURYXRnZsLSuTkXVPXQN4SPPC9dR81TNT-AZpW9X3YgfqPovEhky37MOfPzknRajJGx83uFdAQk-DKKylTo4IW_5VZbOc47fD1_LLBKABy8dDuGBC_bsx7m2rnFMUxGGR0JdidN6IdkyfQcEIyh9OeDSVPTebzXclLUyU2WVT7Y8665wVZRIgN5W-Opqv4pJSRuUiUdRdq7Uz-ZEQHtIVsrlbQn2HPl7gZ27BOXeXKq4AucEadSv94XX9Oh9QAvDYcEy49OwsH2p5rlP38o8Z3dAnRwCAVucCO--9i0KpORagv8I42FCm1_lBcm5Eq8uEHrHsSpyxEdk9YMlxxhaIt67yjhOdbjhgb-bsMHFKg8PH0zNTfjdC4x2tP1U3Tqgps2VHT69K3qPhePw997NtonhmxRdrwqoznami_u-T8Sg8mqge-YXhoHWfcvhFbCX2jYlUGlrTXaBqegS19mjbfmefN4T4n3qKDzVdsJYOBbM1bbgNub_dJmz3z-2W4clWvf3xGYmtLY93Wi4lHephG8QVNyAX2Skav6zxGusMsiZw9_YFVWJoQ8870a1f9xyKhwSGu93WszTItOKWmo86SfxO9nIleWcBMob92Qstg5t6vjYqU62eLepwmcvj7xO5ufF_EOWQWJ9gRWumVdFim4XPqsuTBYxfzpjrYkywe_lBLFJK4w8Lt-F2J5uOQMk9oyGD_diF_-tZaA2GW87wi_xj0wQwS_hFiDHR6CrBBFSbdBUz7jXUgeeJ5OUBXMnSyR-afH0laYJU35o4WiaE0R2FZ7IGsmaPZPb7hyAmm58sAw-fHDGZvIZC8vIgz5EFlL4LTC4t1jeQaoqTMREMKTLQwQ0JF-0n4Qu_LFOQy0J72WJAZNU0IX5fGWjtMSwo6eHaHoIVxOyA1KD5WI4MsFLwRb045M0wU2dSnLomPRETapH9sX4h4"}
[25-Feb-2026 00:23:54 Europe/Berlin] [2captcha] Token resuelto OK
[25-Feb-2026 00:25:02 Europe/Berlin] [captcha] Sin token en sesión, resolviendo en tiempo real...
[25-Feb-2026 00:25:03 Europe/Berlin] [2captcha] Respuesta createTask: {"status":1,"request":"82004628088"}
[25-Feb-2026 00:25:03 Europe/Berlin] [2captcha] TaskId obtenido: 82004628088
[25-Feb-2026 00:25:13 Europe/Berlin] [2captcha] Polling: {"status":0,"request":"CAPCHA_NOT_READY"}
[25-Feb-2026 00:25:19 Europe/Berlin] [2captcha] Polling: {"status":0,"request":"CAPCHA_NOT_READY"}
[25-Feb-2026 00:25:25 Europe/Berlin] [2captcha] Polling: {"status":0,"request":"CAPCHA_NOT_READY"}
[25-Feb-2026 00:25:31 Europe/Berlin] [2captcha] Polling: {"status":0,"request":"CAPCHA_NOT_READY"}
[25-Feb-2026 00:25:36 Europe/Berlin] [2captcha] Polling: {"status":0,"request":"CAPCHA_NOT_READY"}
[25-Feb-2026 00:25:42 Europe/Berlin] [2captcha] Polling: {"status":0,"request":"CAPCHA_NOT_READY"}
[25-Feb-2026 00:25:48 Europe/Berlin] [2captcha] Polling: {"status":0,"request":"CAPCHA_NOT_READY"}
[25-Feb-2026 00:25:54 Europe/Berlin] [2captcha] Polling: {"status":0,"request":"CAPCHA_NOT_READY"}
[25-Feb-2026 00:25:59 Europe/Berlin] [2captcha] Polling: {"status":0,"request":"CAPCHA_NOT_READY"}
[25-Feb-2026 00:26:05 Europe/Berlin] [2captcha] Polling: {"status":0,"request":"CAPCHA_NOT_READY"}
[25-Feb-2026 00:26:11 Europe/Berlin] [2captcha] Polling: {"status":0,"request":"CAPCHA_NOT_READY"}
[25-Feb-2026 00:26:17 Europe/Berlin] [2captcha] Polling: {"status":0,"request":"CAPCHA_NOT_READY"}
[25-Feb-2026 00:26:22 Europe/Berlin] [2captcha] Polling: {"status":0,"request":"CAPCHA_NOT_READY"}
[25-Feb-2026 00:26:28 Europe/Berlin] [2captcha] Polling: {"status":0,"request":"CAPCHA_NOT_READY"}
[25-Feb-2026 00:26:33 Europe/Berlin] [2captcha] Polling: {"status":0,"request":"CAPCHA_NOT_READY"}
[25-Feb-2026 00:26:39 Europe/Berlin] [2captcha] Polling: {"status":0,"request":"CAPCHA_NOT_READY"}
[25-Feb-2026 00:26:45 Europe/Berlin] [2captcha] Polling: {"status":0,"request":"CAPCHA_NOT_READY"}
[25-Feb-2026 00:26:50 Europe/Berlin] [2captcha] Polling: {"status":0,"request":"CAPCHA_NOT_READY"}
[25-Feb-2026 00:26:56 Europe/Berlin] [2captcha] Polling: {"status":0,"request":"CAPCHA_NOT_READY"}
[25-Feb-2026 00:27:01 Europe/Berlin] [2captcha] Polling: {"status":0,"request":"CAPCHA_NOT_READY"}
[25-Feb-2026 00:27:06 Europe/Berlin] [2captcha] TIMEOUT esperando resultado
[25-Feb-2026 00:30:17 Europe/Berlin] [captcha] Sin token en sesión, resolviendo en tiempo real...
[25-Feb-2026 00:30:17 Europe/Berlin] [2captcha] Respuesta createTask: {"status":1,"request":"82004663328"}
[25-Feb-2026 00:30:17 Europe/Berlin] [2captcha] TaskId obtenido: 82004663328
[25-Feb-2026 00:30:28 Europe/Berlin] [2captcha] Polling: {"status":0,"request":"CAPCHA_NOT_READY"}
[25-Feb-2026 00:30:34 Europe/Berlin] [2captcha] Polling: {"status":0,"request":"CAPCHA_NOT_READY"}
[25-Feb-2026 00:30:39 Europe/Berlin] [2captcha] Polling: {"status":0,"request":"CAPCHA_NOT_READY"}
[25-Feb-2026 00:30:45 Europe/Berlin] [2captcha] Polling: {"status":0,"request":"CAPCHA_NOT_READY"}
[25-Feb-2026 00:30:51 Europe/Berlin] [2captcha] Polling: {"status":0,"request":"CAPCHA_NOT_READY"}
[25-Feb-2026 00:30:56 Europe/Berlin] [2captcha] Polling: {"status":0,"request":"CAPCHA_NOT_READY"}
[25-Feb-2026 00:31:02 Europe/Berlin] [2captcha] Polling: {"status":0,"request":"CAPCHA_NOT_READY"}
[25-Feb-2026 00:31:07 Europe/Berlin] [2captcha] Polling: {"status":0,"request":"CAPCHA_NOT_READY"}
[25-Feb-2026 00:31:13 Europe/Berlin] [2captcha] Polling: {"status":0,"request":"CAPCHA_NOT_READY"}
[25-Feb-2026 00:31:19 Europe/Berlin] [2captcha] Polling: {"status":0,"request":"CAPCHA_NOT_READY"}
[25-Feb-2026 00:31:24 Europe/Berlin] [2captcha] Polling: {"status":0,"request":"CAPCHA_NOT_READY"}
[25-Feb-2026 00:31:30 Europe/Berlin] [2captcha] Polling: {"status":0,"request":"CAPCHA_NOT_READY"}
[25-Feb-2026 00:31:36 Europe/Berlin] [2captcha] Polling: {"status":0,"request":"CAPCHA_NOT_READY"}
[25-Feb-2026 00:31:41 Europe/Berlin] [2captcha] Polling: {"status":0,"request":"CAPCHA_NOT_READY"}
[25-Feb-2026 00:31:47 Europe/Berlin] [2captcha] Polling: {"status":0,"request":"CAPCHA_NOT_READY"}
[25-Feb-2026 00:31:53 Europe/Berlin] [2captcha] Polling: {"status":0,"request":"CAPCHA_NOT_READY"}
[25-Feb-2026 00:31:58 Europe/Berlin] [2captcha] Polling: {"status":0,"request":"CAPCHA_NOT_READY"}
[25-Feb-2026 00:31:59 Europe/Berlin] [captcha] Usando token PRE-RESUELTO de sesión ✅
[25-Feb-2026 00:32:04 Europe/Berlin] [2captcha] Polling: {"status":0,"request":"CAPCHA_NOT_READY"}
[25-Feb-2026 00:32:09 Europe/Berlin] [2captcha] Polling: {"status":0,"request":"CAPCHA_NOT_READY"}
[25-Feb-2026 00:32:12 Europe/Berlin] [captcha] Sin token en sesión, resolviendo en tiempo real...
[25-Feb-2026 00:32:13 Europe/Berlin] [2captcha] Respuesta createTask: {"status":1,"request":"82004676629"}
[25-Feb-2026 00:32:13 Europe/Berlin] [2captcha] TaskId obtenido: 82004676629
[25-Feb-2026 00:32:15 Europe/Berlin] [2captcha] Polling: {"status":0,"request":"CAPCHA_NOT_READY"}
[25-Feb-2026 00:32:20 Europe/Berlin] [2captcha] TIMEOUT esperando resultado
[25-Feb-2026 00:32:24 Europe/Berlin] [2captcha] Polling: {"status":0,"request":"CAPCHA_NOT_READY"}
[25-Feb-2026 00:32:29 Europe/Berlin] [2captcha] Polling: {"status":0,"request":"CAPCHA_NOT_READY"}
[25-Feb-2026 00:32:35 Europe/Berlin] [2captcha] Polling: {"status":0,"request":"CAPCHA_NOT_READY"}
[25-Feb-2026 00:32:41 Europe/Berlin] [2captcha] Polling: {"status":0,"request":"CAPCHA_NOT_READY"}
[25-Feb-2026 00:32:46 Europe/Berlin] [2captcha] Polling: {"status":0,"request":"CAPCHA_NOT_READY"}
[25-Feb-2026 00:32:51 Europe/Berlin] [captcha] Sin token en sesión, resolviendo en tiempo real...
[25-Feb-2026 00:32:52 Europe/Berlin] [2captcha] Polling: {"status":0,"request":"CAPCHA_NOT_READY"}
[25-Feb-2026 00:32:52 Europe/Berlin] [2captcha] Respuesta createTask: {"status":1,"request":"82004680939"}
[25-Feb-2026 00:32:52 Europe/Berlin] [2captcha] TaskId obtenido: 82004680939
[25-Feb-2026 00:32:57 Europe/Berlin] [2captcha] Polling: {"status":0,"request":"CAPCHA_NOT_READY"}
[25-Feb-2026 00:33:03 Europe/Berlin] [2captcha] Polling: {"status":0,"request":"CAPCHA_NOT_READY"}
[25-Feb-2026 00:33:03 Europe/Berlin] [2captcha] Polling: {"status":1,"request":"0cAFcWeA75vm_jTWVnrn9f8cwEiCkf1deiVh4doWTj4JjeSlpibfVx9edO3rrRgeJjk0hUMc1CBNwOQWSg1jI9sCDOHplTH8dvWZgOn_C1wdQ4y73Z7k0P3-4rgOBLe_wyjYxi_a0vXtgvLpUpXalD8wzmomErBznJ9yI_zSVbf52Ei2fd17DFqNtj8X5xsHCpPYEd9VHzbfPpJZkZpya-bbf7C2cACxrbof43WSvk3SRjvdaL6wChEpcu-jy8HzTnQN4-5Rsb1MKfUa_NxFwOW1C3Ygw1mdklFBgFSLykj3X2CTSXDHsYJNnlw-2i0LkGTbF6j36lW4MUbOb0tFpi50LC9aSezc7IYyexz-ylcOWPMIVDdcEkTsAiHo6JAP5Oz5ohm7k0JZKn0JOA-xouhxijajtO-ekEJqUQIW_CryjnyFNHE4qJg7ZYGPKX7Xla_G2NaOPp-81gYZt4a1w5775sPPdPVxl7OvmUUpYt9l-qM44kKk92d39Fz0OVlSYeXQhAyvy5e8J_vgzMhF8fuDzYUzOKI3DZ4p8cHNENGukdjVTaDLAdnZx8csBBnUWWOJdLVTaXcXCGwPcBT9pkqNtrIXy1EZGG4h6mGhk_vDmFP9PovSgn4zl_N2N76o4EgUkEx62lCkT88Op38w57FqPt79IKQOiMZfVXrVsFEk7aJNtF0k8sPrrOYDFYmgbV9rlHZS6B1FDNcyoreHY_vFjFoGAyf-jk2QmB4ygV1A3HllNPY7CnPnDdsIoF4uHyBam8rg_mmfPxlmxUFBym3eeMjon4XDlogO3YIqZNeNF9zy0YUvxceP2X_2G85xUIzpVaukFOVYkD2Aorp0gJbhrX3T_INnhdKve2QFmZyYhVwBGFe1odnn8eSGYCQ2CNA67yZNgiNJ8ia_aYH23858XggftCcU66FPpe0mKjTKt5l0mRkQk73rd1LmaHITCRtqvbrdSFN9VZHLIsqhma6jsw4RvBSPL8S3W9GrLFLAnu9tHie8ZK1Yj4hjtzk17RVg6SDQePqbcvLsyNdX3zA665229uVfebJnJKv5UZHGx9CBELdv55oc_UuSYjxkeYS7xRMBssfQbGQ_fRMwhKiw03CXFEAGBcQw_YsukrTkuRdsOJAZ5Dk-CfPNAPA9dp9DwrRdTM5jPdpisxjJGxdIGvIXlgcC9_oQl6pz_POQZxT4mlwhuL7lfcerM-rXlupYcxJG9oyZeka1vG3rTagLUzY2-J9WgmXINquybut35fygjlnttkav8rbSY-IHTpOeoSrY06aktfCr5eUYn_-fYnITFmeK6Iq_fOMvkmPn7jUj2lLINasIMnicdWn-x5Mry-0CDlOiEU9r7X9OeEdqdgV-_WYxw-y9gfnIVQ4RxPwhXnV3fFTu7LQLEQ1guEhbeklyBZS2zXZVkSlFZr1FaLGPR_psLpg--oUSGSLhyhwkYG4bfr7h2tl20BNf8ugGvHFIFLq6DQGk1NQnUzq83HvvmhsWt1whv6TDwkk5YjZWlW-ouE9U0ZkvdGnj0pwAEIEoNA9DQR0f8E0FY9h9MTw5nZvgYC3NFuh7W3bMsMtchUYnDmjokGmIfbRBG1RpjK7iuzZLx0Yok-pr4YFDOz3l4oJpFsNTOFVcogsZqApgzTODJvXvFEEFQLmQzrrscoDphyYojKWo5oquA63A_0jUoHR9YaHS9Oq0BhCLrYS9Z23mvndFJuEoEHndsANSZ2KCF5suwrFP2wJ48puHJPpAxqSOXyowwaHx_NIpIGGipcqLZG3Rbu2P0-q7UkN0pKW5CcdFy0Z5K8dxkV5ze094E05Xu-grwZ1CG21o2dKAgSwdrVcctmFDTafqAhurtpiNTawZK1y8FbtZzvwtWzShXmhzuqhLzjs9AfPbn9rXLWrGHCVkQV256dVitDznEyV6o_Neu18xEIBbkPNssG8m8H8B57bIr8T2foCMspFQad55onTsy0NHN0rQcpCP1TVSkzRamdw8nY8mtaRaWLl_1MKVR3MrGpARIakVt03IAQc9PkSYoVULs4KtKLBFIvJRZoVW1fsHlXhUCGPPMvAR31tne_bh8m8clpLCqdXtmDMyiQ1fywKMJ2lVGqZZdqf62flsNQLPxt0f5jzJU2acYdlnBQyVySEONr4_zJetF53sNe82o3TCPZOvTyEYUdo5oHzXcBf6AVUndorV48Qv5NbHT3RTiE4BTDHpsGMbNd8ISSlFs"}
[25-Feb-2026 00:33:03 Europe/Berlin] [2captcha] Token resuelto OK
[25-Feb-2026 00:33:08 Europe/Berlin] [2captcha] Polling: {"status":0,"request":"CAPCHA_NOT_READY"}
[25-Feb-2026 00:33:14 Europe/Berlin] [2captcha] Polling: {"status":0,"request":"CAPCHA_NOT_READY"}
[25-Feb-2026 00:33:19 Europe/Berlin] [2captcha] Polling: {"status":0,"request":"CAPCHA_NOT_READY"}
[25-Feb-2026 00:33:25 Europe/Berlin] [2captcha] Polling: {"status":0,"request":"CAPCHA_NOT_READY"}
[25-Feb-2026 00:33:31 Europe/Berlin] [2captcha] Polling: {"status":0,"request":"CAPCHA_NOT_READY"}
[25-Feb-2026 00:33:36 Europe/Berlin] [2captcha] Polling: {"status":0,"request":"CAPCHA_NOT_READY"}
[25-Feb-2026 00:33:41 Europe/Berlin] [captcha] Sin token en sesión, resolviendo en tiempo real...
[25-Feb-2026 00:33:42 Europe/Berlin] [2captcha] Polling: {"status":0,"request":"CAPCHA_NOT_READY"}
[25-Feb-2026 00:33:42 Europe/Berlin] [2captcha] Respuesta createTask: {"status":1,"request":"82004686615"}
[25-Feb-2026 00:33:42 Europe/Berlin] [2captcha] TaskId obtenido: 82004686615
[25-Feb-2026 00:33:48 Europe/Berlin] [2captcha] Polling: {"status":0,"request":"CAPCHA_NOT_READY"}
[25-Feb-2026 00:33:53 Europe/Berlin] [2captcha] Polling: {"status":0,"request":"CAPCHA_NOT_READY"}
[25-Feb-2026 00:33:53 Europe/Berlin] [2captcha] Polling: {"status":0,"request":"CAPCHA_NOT_READY"}
[25-Feb-2026 00:33:58 Europe/Berlin] [2captcha] Polling: {"status":1,"request":"0cAFcWeA6wjF5VzY6runY7edAvmPjucGnXW6xwnU2aTSWY5CMf-rhUP6ZM5Bw8Z1VQppt1iJNNCSFFn-eEPHjq_ocJeOfBYtVZel4QJT_SEJDRMaQn_0kro98AyezQ_6_npzh9bPmMJePTeLXUwup99FaJGvuYEnY2_hYeEZnVmBDsvu1gbXQ3uM9aHesEsCNFNUGKbiw7Pl0ME8RT0pAuyej6APbyidhTmjmBNGvhyfdXLyQtQJy4Z6n72Qv7xY4DG8I-N-HoGafjbNBITnKyNX5ku1AzWB8klvpSI6zqwpEvTzC3Z5VzinKG1yKGPFJOgzcAkMyTI0i9AxqI1GLZ4_BPKy26P3FpPX60FtjEp3jLwr4zAUqynOeaSuDl9bNfAPOv11kh1G7veojmN372S4xyKjxS1agJHWDFUEVsVzUwFThY3Ni5WT6TAYs83r6UYRvRc1Ut8kpS2A7zGETVsmzFBZVGdDD7iLqJstJG7bCAfZyfxGtNgUnIOq03KxDVv0-I5EqSi3LdP1sO4f1x_Mk_jXoya9TuZ92GVpYgS-t40fy1jbhq4D0dWNGy_HXX2JYoBf6keB_4hMrFXO5xIn97kMDi48OdRiJ_qH238PUYkTzDfqSk1yEp4zwlx2QJ6Tj8V6GfSzEBsASFbupHuNsGqWXRWvv9j3REe-qYto0_4V6PprpILw1iEmxOBALnCVyMSTtbH9H4SH6LbcOTYMpvdSUa_BdZOi1iqpgsJGWTafHbejYA1FIsE5PmQiCQtYcYadArygPrEIfPeFesR-VQ8PmW1qQ6SnATk1DR7eKsFkEvJd59D5JLPG3D4XkYF6x3dhdVquKJanFQLld1NqWLxAMINq4EgNBu1xTIsLTU4HAr2mIDn69oAcovgeHTttERRtDwFDvn0jyMx-k0i6saq7FdhwewRe4wkXO4rXjT3gcNpB8K7sVbZ1o1c347PBkz-rPAkhsnwTt8CO4IOJUkHV7C_5oIFabFCI36exXWU_bBh5GZDOZOHgnFOLOHfF9ZJGDwhp3A52U7kkdF57nrIvzdd58b7Rx0NagSvJiy_2OlniaMBd6H6GY9AF51tejKijjJw01rjsbz3-RB0ihOjazVUvJFzRvSPVQEL9RVn2PeXZM2TQmaaI3jkM7b2PIm6uQvX1FHJI49-wQ2svhkrGkA3UQFDmGLCTSEwlpkB1P7hcXn-j8Q7epXjT5H5szMFxeH8tcMWLZ9by_Me_YJVHoqpj7kh5GtfmqRtIppNlL5uAr-CBK3D-6uaGeUmvl3l9b2-jd0W5e1so0TbP5Hay-h-F6V-uhCHURpKWBeVcEZkjOZQYAECFZlJocF-gPNSuL1rcQuvi3wOeqBhlavQDKoxKPwCyPvqOtKWLImTNFW-aPCAm7UjiOCmvQpy04K05ADTBuOSryehstaeXc2vqa1tDENOHbfJiy9hjeCjD3DVZS4cn11DLEVdCXNOSZIkyAY4IT-9-Q-7SY35wSdomyx0eIJyUjakv3n4NIEwaEnA206cvx0_Z-7fgrSGZ6d-mAMfNkRG3BTgvcT0omS6tehdoBRy6vAie9BPFQx0e2IDl6kR8Ihq0Uh2_sm6_4AGupxc_j7vAVV1XULW8JES8wQX-Fnw0nN242kIGoaa9BNCxz5-i8Xw6sBey02HXlS3ysn3wspwnaz3UNh8aAoGCC-ZzjRclMWksyRpaL5sPv-VqXvDXM2ubVPMqCLkSSFPDBGRX3DRb0UaW5MTcujAjax0lrdUdda5axecoVM6MqQUZcdJb-v5NvrdyO_-FIXUWQM1udgeHrQidRobjPE0tuM07Q4r1Nx3Bg2v1XHNAhBTeM-_5oOFDLNhjLE6iJuSRoH7IhGC2ti7NQLaglRPwUAz1u2JqmDMaawWiSQ_uNdoK01W6O55tjFxGZGpC2p2fVT-iXAV9AK_J7R_4dsOkTiQ3dNNmYpROTCPfAsM6WP25nHbOc"}
[25-Feb-2026 00:33:58 Europe/Berlin] [2captcha] Token resuelto OK
[25-Feb-2026 00:33:59 Europe/Berlin] [2captcha] Polling: {"status":0,"request":"CAPCHA_NOT_READY"}
[25-Feb-2026 00:34:05 Europe/Berlin] [2captcha] Polling: {"status":0,"request":"CAPCHA_NOT_READY"}
[25-Feb-2026 00:34:10 Europe/Berlin] [2captcha] Polling: {"status":0,"request":"CAPCHA_NOT_READY"}
[25-Feb-2026 00:34:16 Europe/Berlin] [2captcha] Polling: {"status":0,"request":"CAPCHA_NOT_READY"}
[25-Feb-2026 00:34:22 Europe/Berlin] [2captcha] Polling: {"status":0,"request":"CAPCHA_NOT_READY"}
[25-Feb-2026 00:34:27 Europe/Berlin] [2captcha] Polling: {"status":0,"request":"CAPCHA_NOT_READY"}
[25-Feb-2026 00:34:33 Europe/Berlin] [2captcha] Polling: {"status":0,"request":"CAPCHA_NOT_READY"}
[25-Feb-2026 00:34:38 Europe/Berlin] [2captcha] Polling: {"status":0,"request":"CAPCHA_NOT_READY"}
[25-Feb-2026 00:34:44 Europe/Berlin] [2captcha] Polling: {"status":1,"request":"0cAFcWeA71cy0wWBCxEeJwHKvtWVeN2gsYaiLYuRYDbh8ozLV-oOlzey6MCD9ayOcKBV-b5TvP6n4zOmOsVwxL3RQidZSgZvtiyfLq7iLyKtyCQIJkVWdXEe1PxdJutLAkukoeR7-hD0Ay3TQBK7iCPs3lEGEsHHYd5htf1CKFnS6xO0_M_OxkNRqb5MwrSVZ3CJ99or2EH_Fk9hdSFGmWFEvfr3oz2JeZPfjnnbwFq44D70CQPzFD1FzDLTEn5svjdORfKXGjfa-0t0M2AOEJynsYO7LK_0GM81bgMuehib4O7fNQ0JKAxoJDTAQj83BSQBgZZWKSdt4rGM2gWXkpcydCkMBytfrvTgIS1FyZ7VJXI38uZpsVoWwg23f_JSZzitEE_iOCCPSPsMEXQWQE9duoVwunuQAmIO-f3h5y1mb4oShjFznjMSyoN-xmS53vQqVnUEjXx7_aPn7rxV1zqFz47Kg_NtSZlAU6GlFcSVOyg2c6Q_jv173_rbzVxta6mTM9n2h8OvFXK9H88rHizSmJ88u8MzUQ7wnpYE3Ryrj433iNiOwrSglMo7KkXSvNiZVB-idLwYxlRu34yhJ1xw3g_HjWBMCAPxC2Npm_xH5ewz3WafXktaiw5PfpalNPz6pCMklNKlgqzs2scgtsdFkVJ3z8GiqjOkkqpckFazV8pEWXuthD0jbWm5ySz5HP_aj8FvRVcBYsgVVcvBj2lTr8dRnmTyrNHSBk3FnuxldtJHhx0WYpvlZ984KhOo2oT_tS73zF46bzBfQga6JBbVjQCY3L4lPcx1V3jgQEZUULP1niQ7jVYzrTY_X1a5IAZVkJzgd1xj0gEm3fhjqpI3E_w5RVHIhysVJWktw1fMDpiC0TD_Q6w2wT9UvmrmU1HmhYA1LFmckPa7IGgqZoRZ0gSlyA2gOuxtrA_79i9UlX9HmD-o8XPB9YYuSrHhYtlIinFqB0ooZWaaAPh6bHTHm8QvavlBQHfiLXG7mixePjpwFI8PBP0ve19yhixyujm74BwJpkkgGxoDZLfZuhmsto04m2IdQEWKpgtu-WKvFn3asDGJpl8yoGBno1Lfch0BJTzWK8XcZIRt4nB79NydPGVj10JkA3PJdAlr1iAdjDif_BbCy-teHLa9ZeaY8sq2l4CAdO9pz22D0CTpZg0iuwDw5RCdOefAVMEfa8ByLvuPelyqFbVVwI_1DgdPUps5ahyadlJsvJ8VyDAssSFMhCp22YIUUzSOiVUD-jU5Jd1-rtEZOkf-8K0Flcyop7ulju9E9nn7Mqk3tOk5zpssZlSWDOz4l_c8Efva9U7Z86Mol1JLtDk0hdsBlg-eEzfxuCuTmIpbEjh6CXlhXrq_QAu_1R_xTCwf7Z6phxCj7N-fIZAdO8cBU2OJNw07N-vXEslKRwAGhenDEGOgm8C_m2eikNAFZsaP7qTFcJLqptaalT_Lj61SjDYG6MsY-SUchEtlhEliCwcwy6jTZ-0X57vAnRF2PpqU8k3V1elvek-qQoyozpMQiLjCIj4xxlEmu7uyigUz9Xmm2YJjtr_-MHOjbIAOpzU12UvqI_ZoS5doV7pmt7Z6yEAtKEenCS3S4Bd9oxFbR8qlGS7s0Sgakb211QmBqsEa9OQut04C4qy1NnSxPW9WNjrALjsJX1Exbk6uKCwUKTuuGOWwQrLs20F5FToJz13eGLnbEK21XMM6O_YvdUBTX8rTCS2G7OMstDJ-FmFcCUzXZTR_ncpbjMGf5pdw2SqcK1Gy6ykeaq6eEV7MCNAs7gruUJlSeYF88ucHbWCmP3FiXpDxpndhvaskMzrp_CHo4_EDDoXUdfwI_q6a9VCrnAm27cdhyBC_bxNvJoyt0p-n_Roc1OAC8xWTo-bkaOUdoVPczdblbuCaS7wmj1Oui-Ylpw7lFGoo1bqS8K7Coibvsg91QiaXes_57AvO5FBD-f_kamL01kCEMFRIAXKTSn2g6G7LXhuXFtNrU-e8TNjxSaDF9tL6KO_tSz_5zYxbnN4ShWF-Sc7kP5O_7D6OM8sod7_xssIQQ1QmZTYm7dQqayE4HxrwvP5g71cli4a4hcJsnNwSnFoOM3nkJQTgdjIMMO-lvzHPnVvsKStrKGQGYwpCclGVEAbQZC4YsEqAB35HoFU9cs8rC4cQY1R2sIknsGAuLgsNQUbiIg6WxTs7viHSf8tEbHDqXSPogZx9wZM52i3nNg5xc1RS6_itvexo9NYFDqv8xxKOh0rmbbgoyBk6Xy-fFzqDWGv3zgp2gpdhQn1CjF-61t65mwRjw"}
[25-Feb-2026 00:34:44 Europe/Berlin] [2captcha] Token resuelto OK
[25-Feb-2026 00:56:30 Europe/Berlin] [captcha] Sin caché válido, resolviendo en tiempo real...
[25-Feb-2026 00:56:34 Europe/Berlin] [2captcha] Respuesta createTask: {"status":1,"request":"82004831396"}
[25-Feb-2026 00:56:34 Europe/Berlin] [2captcha] TaskId obtenido: 82004831396
[25-Feb-2026 00:56:46 Europe/Berlin] [2captcha] Polling: {"status":0,"request":"CAPCHA_NOT_READY"}
[25-Feb-2026 00:56:52 Europe/Berlin] [2captcha] Polling: {"status":0,"request":"CAPCHA_NOT_READY"}
[25-Feb-2026 00:56:58 Europe/Berlin] [2captcha] Polling: {"status":0,"request":"CAPCHA_NOT_READY"}
[25-Feb-2026 00:57:04 Europe/Berlin] [2captcha] Polling: {"status":0,"request":"CAPCHA_NOT_READY"}
[25-Feb-2026 00:57:10 Europe/Berlin] [2captcha] Polling: {"status":0,"request":"CAPCHA_NOT_READY"}
[25-Feb-2026 00:57:16 Europe/Berlin] [2captcha] Polling: {"status":0,"request":"CAPCHA_NOT_READY"}
[25-Feb-2026 00:57:22 Europe/Berlin] [2captcha] Polling: {"status":0,"request":"CAPCHA_NOT_READY"}
[25-Feb-2026 00:57:28 Europe/Berlin] [2captcha] Polling: {"status":0,"request":"CAPCHA_NOT_READY"}
[25-Feb-2026 00:57:34 Europe/Berlin] [2captcha] Polling: {"status":0,"request":"CAPCHA_NOT_READY"}
[25-Feb-2026 00:57:40 Europe/Berlin] [2captcha] Polling: {"status":0,"request":"CAPCHA_NOT_READY"}
[25-Feb-2026 00:57:47 Europe/Berlin] [2captcha] Polling: {"status":1,"request":"0cAFcWeA4GToeEFhv-MQarU2pCW-qfxrjNYn5UzcN8OJ63L9k74VYdeixjomoR6o7C2t4jTPFCFxIkg29DCstSo9a3DBMipgKoPfTe55nVOocMraIqA8weyMxcsF_L14aRYDHV6NneiTXlLXwfCQT8Uh5wGXDb0cSR7rlgA2HWqMneUhytY7nuocivECpOfiqKGAxiCATjWrHo6q_YgiR2FLnw4HMOmxDjPbhn2Cp1sWPAtC5MgE_AI7Hzc_w3CNXHg_PJQLj5E9gnQ80MqJqDPuJnj1KnSr114RobCRNf5FiA7zY5y86CWZ9hlLNLygTygyoAEHAUgF8q7yyzXdF-MnwcIjucekVjs4kzVXMRdNB57msrr6EqYA-BmJyrvpkWAAonBQA6uQdcGt8y6XxKb9QPKYePG8T1G9bAFzrNu88-9GXtazz1RGhjBaeNUNkVtuDONxPisfjOR6g8aKydjqTqgj7KyFpfvnBaW9OTRadDf6R3M4qPRGzUSuqXlWlM92t-SnNclERtDFsiOVpM4Er8Kw3Df_ZpZWBE3uS1ny3tG2UpfMbZqj5dlkcTcZuc0RGvNBsGlyCL7zxgQUQj2KBGjaxoORclMpZEecg0VNTN3RQTpF6w9aT_nelAj6vybdX5Qz3zkp8Ze3uQcUksQQFQTrjck_hjOWNnX1Kw3by-zr-GnpEa1L4QBmfE3f8BiPq95TWYLPXw6y5UaXJGhrlXKSxahHFERNkrt-tXWPNWVmPefRzmJaoJvYgonKwyIj2VlfS5Xcnn1M5ijdxKoVgIJ-uVp9GM07PsnZoko78RMTYAx44m-ifxwnP5fFvEQQR_v_KT831izGhvPhP-lcIZVYqISKUFEWp1yhBiu7ISRS8g9P9QBxSgVmJufBppU9xF3SaMmXGRaWspwwBR_H-j_aSXRG7cvLRPqz42D7jkbcDsFeZVTNmO8O-EBpkPkZ0m_fEcNnqynkEMjSyZ-vgjBH8qtUGMzkHak5A7Y3CLDa7CLlhofY0Vst3cNbgbu1qSIlnBWtLKrIZlX_Tj9rGWm4sWuqTZbaV0JrMO7Ys0llrd2XH91F9KWjuk_By8HH3Vms2l_nZkODySGRui9pLg0Ake-B2MxlJwWU11O0Ap2bH9-mS9qPwBue6cTBjMMglUjDoZgnG9sDrY1Yy5XmGZOC7PHnlj3GGuoOU_GEnWFQvDJPp9gYRBXAr6_y1na3BplQM1PucNrtklXV0jboe3yY5Mlr_Z64oiSyP0ZvPMzLK3S_qTm4IQCr5_18H9NAyDqz4C7nHwuzljXTOOJfCfDRKXqYQQOOmTsjFl1u7o1tAQUpjwM2FbNHWd4VFR4hzxXCvj1VQ43fKGkDhdO4BAOb3hCUPHJa6NU0sUzZjZZi00AUZUKNUJwND0uII-AlJPfYLTixSKEqNeKanOwJOc7TYtgyz_dyMRsWTQR3tYmmpWrbR4VIgJltED1c7-WUQwkvYjmJAN262uLHyNxixRVTzZEvD917wlexp_vk6LBxIbbZtsYsnESTqXuLct6W3q7IO6LDN0bjIIoglkaIcSx0O7xuzsC5cmq3LjAfBQrmS2K8fkOfPwaiChOm4bgAOBJjznQNnrN9fajqx36M-yIS01A-BFElWi5wex7Z2vymt_5XcVR5A6Ja81IwXiPaXu14Zd3pg2SZ1t9TVnYQIgiY6tAHvG3wwc1ZVqVT9-urPXPCWu4ABigLFUagq73_cB--8dev6XnrH-IIR4TAtRFAieZ0iDknMrAqffmBb1RyjzkgNePWlnyVI0kJKMOnTAIVgjiRpbgPDi9DM-lSuLRHDLYZOrcSdkeAAJlmXtRH4FLpz_-OrM_uD8CWIS3IHS55iEI9BNlVK18d9H29Df4nRmiaHEmNckuHMXCJ5Eh45sBABN2sTQGsphsoUnGGycUY11qYxoiPQRUpCVvG-cylz2cRywqHCycYZXB0qW353Z6zvRTo2DxL7JgtVad_1UatAxeb02bXKgb0h4uuogJyQ5-971iZ_DI9lyY4GE1crOvjic3vZ-rRz8PRriCk1i5SYgzzq_5bdBvs0bJ7dca7d7pSWjXLM8c9UFK6Hhf2VMaDBhTBhbqzd3aomLqJ1Hta38k_jCeCj7eSpBnvtMCQjPidNSHYDGK7mXjRmBxXKh9JZ-_KU"}
[25-Feb-2026 00:57:47 Europe/Berlin] [2captcha] Token resuelto OK
[25-Feb-2026 00:58:16 Europe/Berlin] [captcha] Sin caché válido, resolviendo en tiempo real...
[25-Feb-2026 00:58:18 Europe/Berlin] [2captcha] Respuesta createTask: {"status":1,"request":"82004847105"}
[25-Feb-2026 00:58:18 Europe/Berlin] [2captcha] TaskId obtenido: 82004847105
[25-Feb-2026 00:58:28 Europe/Berlin] [2captcha] Polling: {"status":0,"request":"CAPCHA_NOT_READY"}
[25-Feb-2026 00:58:34 Europe/Berlin] [2captcha] Polling: {"status":0,"request":"CAPCHA_NOT_READY"}
[25-Feb-2026 00:58:39 Europe/Berlin] [2captcha] Polling: {"status":0,"request":"CAPCHA_NOT_READY"}
[25-Feb-2026 00:58:45 Europe/Berlin] [2captcha] Polling: {"status":0,"request":"CAPCHA_NOT_READY"}
[25-Feb-2026 00:58:52 Europe/Berlin] [2captcha] Polling: {"status":0,"request":"CAPCHA_NOT_READY"}
[25-Feb-2026 00:58:58 Europe/Berlin] [2captcha] Polling: {"status":0,"request":"CAPCHA_NOT_READY"}
[25-Feb-2026 00:59:03 Europe/Berlin] [2captcha] Polling: {"status":0,"request":"CAPCHA_NOT_READY"}
[25-Feb-2026 00:59:09 Europe/Berlin] [2captcha] Polling: {"status":1,"request":"0cAFcWeA4wDV6UauFq7u97csHALh4K7PiEd78yms9p0zzyxf5NxfvFnV6NlVm3Fbcd_bd6YaRH49qDphwsJ0k2__s0khm23GApVSV-70tWra6CI-qfwHmS2B1Ejc319-ixXcix8Dbjhgu8utQPK_quJSmp2z5uuCHfGjC15ZbDpCYlvQFg921mN4iiRnMnuXn7lvL6tW9NWO0jpwJoLqyLjpniO4Cu5ob-rImrw54KhMhhogiHkal0jrB3nXTWozkHoE_aofGFTuDXekGvVKSGqOtPKVi4tNZVZrpSoS-h_40rSyWCGVQfthw72fojvivxRmNPtEDjxMwhQzp3dt9j2nF4jxzrRBmqWsErAF8wTYIQ7MFEnGuuuWQmj7lifdoqpkh1fm2pQh0YSS_jouZsJkKmP0AsWxgv3XuMLQRfrt4j8Zx2uPALTLJNBVcLJwkb75feH4gfLrCNwCT_9qLsMe7gENJk5J4IvGKqTGqsfLht_Ru33YYNqrxLuDSWeW9woaEuGDJmR3g0ADtFdxQUaqBM8TWyQnt5hRp_W2J65AkCS9TvqEFI4qP2DC4WjhMphRlr_v_LoTMewq7VakSRS-1eR4ViEM3_dQbTIHb1qD3SMTFmmE9XzcHw8WUpe4oSyWp2UJwsDiZcRQrpM6S1jlxpHAP4mfZrNkfj-devk0AiGLz_RLHjFx5oTGKXtisFlx2WSHj3u1OmY07GuLxSkTn03Jqxkc5nl1kNO8-cljAzpz_FTrVVCIb9rv3GM8LzFFnH8pVmKzJvTAZ4mHnS4haxLIwwfly5rUaf838YTY_zlwPM2lfYFH6zDZZRk8441HurDKnmIWYzn-h-4SYtA5QE8aejP2of9x0qcTrvEw6Aoxs2ikUZkI0RP17CKlameIX-vS8jdAhaRE1BK91DqOSAlbUUaZxsUmla10S0CdPUnrr4qu5DmRbfIiuC1GNx-0h7RqsxzuTk0Xta0Zmpqn6XYYqN7UiojRLFznNdfbcj_kfZxjs4IAIsPAWltiY867FL7bVNUq-nwQHCnIsnnL5YJAMCtlF_NDemNid9N-E3zlmH7QrGxe8XnQfnHpXmm3JL_4-dOGV-sOCpzdvWOqHlgazaKstWqTAiVfOtp2HSkU2QpCkun3QHe3JG0mQKS8m4mNTtaS78kibts51IXxBW5--LvFF_OUarfn6YrydmyICXTAYeYXoi-iZSEefc99qDdzSOQpkCYwCNx9siAMmjw22ooZvANHsFIIEUFRaPGjgXryfH4zyaM3h-UqoAkeFeHUreTWU1rMcVrIV9xz_Kk6DziVEpeCgrDE-3cK3wghJ7g36ZFSwBQ-ZhcUBKlaR3-JWHDTFnBNppkDjhU1to1ZpRhFOQLutlwNm3bRY0k1ryX6HxrdDd4pmf3H5y1tERTMzeBrxFGIaYFfY1u66nfRQom7AEQq5e_qQqX5463Hsw9KyzN9L31IQw-I5AZOBnMe0L2H5GonvdZNRR-Dz-J1bAX8F8mvZJ08YulAy3duu4HUxCvkMW14Fv8q6xTx2lnSldLd1BvjvGMkOvyTU0Sa9efW1CiXVUvR6fByqn_NMSHAo6mLjZNktacG9sEsgdPf_Ke1pepaijMnjD1v9AurCFSwuE32TN738yHNb79czMnU9cgSPiJDZgLLBoaLHhADI-22fPmIrVxixzfSIochGq-9bFATKn2czdgy_D4gm1W-647EYdnjT8-N6ltqCh4cUL2sLQyIvP2TOmU3UWPqWoQTLeH_VNvmTbKU71HEgnvd7aHskLyukBFkHXeheFOR_jurTO16WGhYTP1x2bDcnQGw7dSf5iqP9SVGdKIVmqog-2_tDCqzPpnX9JBzqtgQy0j-DuOsob9A04oNJWVU-V5Vpj8vCJJIE-51BJKJ1omympmtDsx4bEtc4E12WjHX93bJPPE3imeLUdbCoRDvpJK64loYOnV4cYsARXORTjbtPIc_js6KnCCsBVjI8_UDw4SiS5C_L_xrXgz8AdOAb_o_StLsLBsZw_S7Jk7dlAPubi7Ov6E4-99use_mV1EXvhSbix0_L77oMm-TXFMeaYbWTvG5i6fxJStK10OYDy3xFrcUI71aSF1wxk3vulOM_TZbeDb7eD1bWgponc0NjJMzBhlF3WanubxqTbgHr-damghpY"}
[25-Feb-2026 00:59:09 Europe/Berlin] [2captcha] Token resuelto OK
[25-Feb-2026 01:00:00 Europe/Berlin] [captcha] Token PRE-RESUELTO del caché ✅ (edad: 45s)
[25-Feb-2026 01:00:00 Europe/Berlin] [captcha] Renovación automática disparada en background 🔄
[25-Feb-2026 01:00:10 Europe/Berlin] [captcha] Sin caché válido, resolviendo en tiempo real...
[25-Feb-2026 01:00:10 Europe/Berlin] [2captcha] Respuesta createTask: {"status":1,"request":"82004862815"}
[25-Feb-2026 01:00:10 Europe/Berlin] [2captcha] TaskId obtenido: 82004862815
[25-Feb-2026 01:00:21 Europe/Berlin] [2captcha] Polling: {"status":0,"request":"CAPCHA_NOT_READY"}
[25-Feb-2026 01:00:26 Europe/Berlin] [2captcha] Polling: {"status":0,"request":"CAPCHA_NOT_READY"}
[25-Feb-2026 01:00:32 Europe/Berlin] [2captcha] Polling: {"status":0,"request":"CAPCHA_NOT_READY"}
[25-Feb-2026 01:00:38 Europe/Berlin] [2captcha] Polling: {"status":0,"request":"CAPCHA_NOT_READY"}
[25-Feb-2026 01:00:43 Europe/Berlin] [2captcha] Polling: {"status":0,"request":"CAPCHA_NOT_READY"}
[25-Feb-2026 01:00:49 Europe/Berlin] [2captcha] Polling: {"status":0,"request":"CAPCHA_NOT_READY"}
[25-Feb-2026 01:00:54 Europe/Berlin] [2captcha] Polling: {"status":0,"request":"CAPCHA_NOT_READY"}
[25-Feb-2026 01:01:00 Europe/Berlin] [2captcha] Polling: {"status":0,"request":"CAPCHA_NOT_READY"}
[25-Feb-2026 01:01:05 Europe/Berlin] [2captcha] Polling: {"status":1,"request":"0cAFcWeA7KgyqnLsj5bWIqovZzLNaxSpyP0Fkaip-3z31EelHD54pAMrdMTgI9-Oda8soFOwIIDSWJFN6x2LMFD01PabvYSG6RGkldlL-iZMqGmzGIRz63_rVmi6KZu3u8bQAjkrdoJGiaFw6SkbJNHfzsfj8B4GnKH_Iuuy4YZCez0gqccHwsrUctgUL1iuv018YJfmZxkOiWtbppDBmMGnOumuGNfbmwFn2IQMQHYQBHjQquG2UaYZIMwpGXdMmoED5j4lDEa_6d7AoNyIvxylAOYZlelFObc4oK_9zXpiSywc4f0e4CJjbMjepOnAa1RCl1w4ur6TJDWDg1l24yeHelBs5KxgQ5bn8a3B1SVx1uqWGdGMr3FE_xWcZqpO5EYqm7IEg0Hs2BmtkbjNpsVBah5a3BD21ZEudIxmjS72z1nXFcCccsTcu1madOgcSOqnZ2PR_CM4XvGfTHaQhCtyQra9X7e2KkqQSg-trSstB2aOWmzaKQTpf-EzgtZ3tPK1YduDk9roMEnDfH0QSAgQ_n5gyzBzjRiYbFPPW2zP6nsTlE4Gmt9v5Fsp2Kg1ViVhp67eG6zYOneYI6hsbwkBKUfX1Glozd0JP_hh9jGk7WzDXUnk5v2kBZBAPR0-3TAGlJzftVOJDwOsTcZDiWmfOF73g4NILPCPb8bGXs5sknl9PsOEZ_o8zj7wDrT3Q_0mEYxOHc1UpxG01Cmgu8a4yYO2IwOEuZpR_x7bCUuA7yrcbWyIzT4AohAfliWnX3YT3-uCZMANurj9677Ap5vsxEzOUoRau30nGFNzqLy4iGytiFp5LbA4Gh39f-C1uxVqNHp-XqRDwQUIj53-IFqlZ7MLWL2__1tlbDBhhgp7EbRRpwZHkHkaq3Zjp8ItoNRCREbWGE9IxuBYflzH54H3e-o_Z7Iazrew_FBVlmiVQYkLU7RmwE-aExrZU0bpU4qYHmsgi_vIBTIPVENq5ZY1OsAbB94ZZ3LSeFtmb5KIQk9gAjvmlroZ5ikBDVTrAkjETpEPzFokqpjnHix2Emc0T8iRvwkbdQzVffVUhcDIhORBQ2j3eRdJtYm0lJ9Bc7W_vDLFF7gbdyt0jIHihgq6_yDtGCNjaY1YPnsJBeHWOW6Yo0lkAPDIdnQfw6UbeQ98WkBYyrXLW7ZG8rqmUdDu6KOHHV-sjf6IVEiqnGBq4ZK1rs2T8ky9JEqBMvF2nN4uN3n1s4EimV1iEBERlagjk2sIg68-c7hzR2m4bHXDwhQGmMyAEyLr3aOroeso5vWTV-BZ7Q89arr0r1chkJ3RnGjB7ZcMZNog7P0ygEVvETTWco7U-iLYmjxbVQmfluiZl2zq4BeV_XC7EH3g1VZXUlql3no8xssyZ-4vnoX6UB78CTSmXSL65uczShLeLZ9zxKkp3ny1dsxtK9Kfml8K-A4bJ7iGC8z5_lp2lISdvDD_bCPBc5uzWK1ZGfJzm05a7LsQcKMKwHvehP__NrHMgv6ilntnxT0n4ErO78tjPKjcymzBs33CkEmVH5RhyzSl28DaClZ7M-BZWEvEzYYMmSptct-igVJllXGWHMiyhSuqzULDVGbi3hTKLJ-sNiF_PdgUzbM_F0KEhgFJIk5z23VkmSthn1rR3Mh-bdh4fSOQOAY-4TG3i5zvOsgsSHonskm3bZjDqhL3ZBYdRRmk2eP7XEy6Gc-K26Y6X7cw-Rq1GHF8NggJLZAS2tvgh8XGwc9ErLftMNmX6gBLF27NoKJjVZI055N-xOctDuP0g7PNmdv7GsHGJTZuM1U3ytjbgwhruEzrVy39M-iSCDRZ9qSvzzZ5lnBYUZC8C-0HxsQjqlexgPX8wR46GaMsyKhiDrZA6iXweNFa4WhgnixoTWDGpvslXOJGGuj3loUI_R22WAWjaPCEjEnfeYYQfAHe6bMgUqbxjcUIsLuxteXPiBCqoUxXZYIq0lcXFTQGu4VoyC1DTc8Pbi4-WsND4ZWmLPL2bWry1MlqNnp4FNwGR7l7wgRUzUdcTI1EJwCzz6Zh62t-pjRddzPL1RYACwwke2i1UG8leDCoSIuItuSwe_QETUlNA-yiFiklb5CWPQ4LfY91YqiCVMElgGh2geYTPOQfYZHkGFj4XwEWilA5FoJtKJpLLTEsNglymo78wkZadWSjVYmEtVj1m_7Tk1FpA6IWOxtWM9hkA8lmC_c-o-c7R7Idt_9Nxx8t0PXanZxEuahUCFkjjv59xtpypvwg8KHJHiB0z1eCQKUBRJH7xC979mH6lJ22eo3kCRmdh3NBD0fM3anyXxwkDmJ4htaQin22W7lGnV"}
[25-Feb-2026 01:01:05 Europe/Berlin] [2captcha] Token resuelto OK
[25-Feb-2026 01:01:46 Europe/Berlin] [captcha] Token PRE-RESUELTO del caché ✅ (edad: 72s)
[25-Feb-2026 01:01:46 Europe/Berlin] [captcha] Renovación automática disparada en background 🔄
[25-Feb-2026 01:01:59 Europe/Berlin] [captcha] Sin caché válido, resolviendo en tiempo real...
[25-Feb-2026 01:01:59 Europe/Berlin] [2captcha] Respuesta createTask: {"status":1,"request":"82004887235"}
[25-Feb-2026 01:01:59 Europe/Berlin] [2captcha] TaskId obtenido: 82004887235
[25-Feb-2026 01:02:10 Europe/Berlin] [2captcha] Polling: {"status":0,"request":"CAPCHA_NOT_READY"}
[25-Feb-2026 01:02:15 Europe/Berlin] [2captcha] Polling: {"status":0,"request":"CAPCHA_NOT_READY"}
[25-Feb-2026 01:02:21 Europe/Berlin] [2captcha] Polling: {"status":0,"request":"CAPCHA_NOT_READY"}
[25-Feb-2026 01:02:26 Europe/Berlin] [2captcha] Polling: {"status":0,"request":"CAPCHA_NOT_READY"}
[25-Feb-2026 01:02:32 Europe/Berlin] [2captcha] Polling: {"status":0,"request":"CAPCHA_NOT_READY"}
[25-Feb-2026 01:02:38 Europe/Berlin] [2captcha] Polling: {"status":0,"request":"CAPCHA_NOT_READY"}
[25-Feb-2026 01:02:43 Europe/Berlin] [2captcha] Polling: {"status":0,"request":"CAPCHA_NOT_READY"}
[25-Feb-2026 01:02:49 Europe/Berlin] [2captcha] Polling: {"status":0,"request":"CAPCHA_NOT_READY"}
[25-Feb-2026 01:02:55 Europe/Berlin] [2captcha] Polling: {"status":0,"request":"CAPCHA_NOT_READY"}
[25-Feb-2026 01:03:00 Europe/Berlin] [2captcha] Polling: {"status":0,"request":"CAPCHA_NOT_READY"}
[25-Feb-2026 01:03:06 Europe/Berlin] [2captcha] Polling: {"status":0,"request":"CAPCHA_NOT_READY"}
[25-Feb-2026 01:03:11 Europe/Berlin] [2captcha] Polling: {"status":0,"request":"CAPCHA_NOT_READY"}
[25-Feb-2026 01:03:17 Europe/Berlin] [2captcha] Polling: {"status":0,"request":"CAPCHA_NOT_READY"}
[25-Feb-2026 01:03:23 Europe/Berlin] [2captcha] Polling: {"status":1,"request":"0cAFcWeA6KIA5IYDpmiTcNR1Y0BGdTknBVuXVlc5x01POWRsZYyNGuggQdnAHwH-2fVmijbwPkzDoCgRpGjk9s_QYWAT_VqlZdteW4RtM9lrFnt7JPBw0tCwdR7iLe1gV-cNSxfT1OLiVkfroNYLoXlv6614KqiPFmPpH8ag1tEGVyW5B6aHbvGE6dRdXnf3Yl-oRM5NZt8UVD3vcUqycT5yTszMI6pI8Pc6wUqE9jREQSALRnhPYHHK2tv_aB8BTkNgXd1zrk-YX3zsyVt11qk7nXNWth1eBaIHgStGvzE735GJbbDaEOhFnqO66QXeO64mzzZTG_9oyhSVCpz-2ZgULkSaJRjIoKmD8FguRbJGLbICw5wUzpnhz491QLpL-HYHto6Zg44Lyqdni0KKFLYaIsGc-fYlrAsXPjrjcOAukE6aPa5YfGQu9AZO3iVcZJ1G5pPng4025tb1b9AfKpnDLlSVPBFvJ9s9NCA-ddNwJN-0cDlseTxH2_yMvwHP8vr-isMyVrPkD6AICQaHJIF_zeLNnHVoRpRVG_7fBTGIjjDzd66JbuGN4xUs57Eijobe0b0YRmTQz2bQ_7yY7_ni9_9s4oFULyKnvG3maFLKjI-yedCZaVl30e-LuyKST-8lj6iXKv4y77TIuOsVuczr3-H7QVMdMGa0F6DpwW8cPHC_bNtKZQOiQeqFiSpTxoBu9r767oKUzmPhShi4Zrt8v4bIVIetj_vDOdcePK-rOOQJwDTpTTuOY3aj_g8UqC6c1j-ho015I7W4ppMPnQHoyGOL-rfajovDUOMzIw_lUTeAaKO90D4_v2Vx3JF42hNEbx9iFGckF14HqLYvTMJiSN32J_x-s58Z9G5TbaiyxKN5L6lB2nxf2CfmhGnMrVeiggq8YguWYBEV4hPBRomYxA2ajIIwr1jFGndooIOcXHMq603t1I6XcWbrDtveJ8g-UHfnnNGfXpEpZ4N-4bPSiWs40LY15qey3GN3puBO3y_ZhEWsc0-jl5nteYAXApps5b5gkeSPxGkAayao9nkctxZ-UIZHjT1Ns_TzR4G7oNDP4zegoXigfYJ6JqGcbUuk4HIZaMUGFBIndTTHD1ugRDwoEwhY-k9bUc01GONP4htS7PCikeTRiVSqIQ3gqbOqYqbZnOOIttpKY5PT_Ijmi4aSUyktOPrMc1MK7fgmcMubeA3G3qSgmPNl2IDGat6KqIrsCSAtQRAv4vCEhhSxwwaYTMk4geYT1cur_965hDS2ZlobC2RO53jyzkKmDZM2JH4RFnzw2luHeRdpwwX3-uqnpvBP_6iH8blN_IjHayAXRCSMjKnJMZVFRDLY0uFt65-fD3bzqmMgwTWeWQHzufBgrR19fa2WOuku_WryClDug6OBa5BF6c2u6I3Ag9poci_krd5MwIWe1oGi_ohhJMSXbDBCwu-0KH6YwsDEURMW4mwiCu1JphQOhkEe6ePURezL4FNTW5xSuQH2Y7mNnTqPue3UZA918UOCTru8LbjabLBDcSEjHSNQnLx4KJkL27umriwenH3B4wCxl3womxexX9UTNdC7rH6gASKnCFMBIxhfB2cucoqf5rUPiha9yaOoHWCMMMukEtWsYOcItSYtNgeJr3yren7uYVoXLJv442VQ_0Wn1FeyV5uCulRf1gzSfSztNArqRCj4PQ4m7WZ5-0-bVt68tx1rw45j9tV7yCt3KeK80UkBmKE5inTrKASZZcyjOfwuNiMZqsLrGphTMAkD1vqNWM-v0_D9-kD3jLw8weVRbujZhAIVktPLJ5myBJQUA3kOHL39zv5Wrzkzu-W3nV8srmm3F6UY0WO_lPuUfLfiKoNlJ_tmHCZC9ka12jDHbMHJ1LzuVfs-eZ2nJsjmnANa6Z-lTcpTNGlyVtaP8yRkMnamfd1ThYx6kCaf40-kr5UQF9MB6bN9_YBywlZYejo7ycNZF-th_q0uQYQcHamo3zgZPnEKDVZC3IJHQ6r3Lklks55W2aYo7PAnyO0OrXcVa3n7NVdSrKO34TVZSo5iy12GJc3NxK1tHIqj7O5IkVWjpaYHJZ0zZEdecaQ5kk2X9kyZi4g5rgnCwvj7ciDKRz79CwIz89tgvHHapvrkvOnRF7qWl2SYaeV5cq0F8buleWNjMSlsEGRMBhOLyZkgWIwwXcP6inMrkjEd5t9SL7d2Xk2-BegRchq-Cc9sTdS5NfsvU0vY65ZLY1JH29Q1k"}
[25-Feb-2026 01:03:23 Europe/Berlin] [2captcha] Token resuelto OK
[25-Feb-2026 01:04:02 Europe/Berlin] [captcha] Token PRE-RESUELTO del caché ✅ (edad: 51s)
[25-Feb-2026 01:04:02 Europe/Berlin] [captcha] Renovación automática disparada en background 🔄
[25-Feb-2026 01:04:35 Europe/Berlin] [captcha] Token PRE-RESUELTO del caché ✅ (edad: 27s)
[25-Feb-2026 01:04:35 Europe/Berlin] [captcha] Renovación automática disparada en background 🔄
[25-Feb-2026 01:04:48 Europe/Berlin] [captcha] Sin caché válido, resolviendo en tiempo real...
[25-Feb-2026 01:04:48 Europe/Berlin] [2captcha] Respuesta createTask: {"status":1,"request":"82004914063"}
[25-Feb-2026 01:04:48 Europe/Berlin] [2captcha] TaskId obtenido: 82004914063
[25-Feb-2026 01:04:59 Europe/Berlin] [2captcha] Polling: {"status":0,"request":"CAPCHA_NOT_READY"}
[25-Feb-2026 01:05:05 Europe/Berlin] [2captcha] Polling: {"status":0,"request":"CAPCHA_NOT_READY"}
[25-Feb-2026 01:05:11 Europe/Berlin] [2captcha] Polling: {"status":0,"request":"CAPCHA_NOT_READY"}
[25-Feb-2026 01:05:16 Europe/Berlin] [2captcha] Polling: {"status":0,"request":"CAPCHA_NOT_READY"}
[25-Feb-2026 01:05:22 Europe/Berlin] [2captcha] Polling: {"status":0,"request":"CAPCHA_NOT_READY"}
[25-Feb-2026 01:05:27 Europe/Berlin] [2captcha] Polling: {"status":0,"request":"CAPCHA_NOT_READY"}
[25-Feb-2026 01:05:33 Europe/Berlin] [2captcha] Polling: {"status":0,"request":"CAPCHA_NOT_READY"}
[25-Feb-2026 01:05:39 Europe/Berlin] [2captcha] Polling: {"status":0,"request":"CAPCHA_NOT_READY"}
[25-Feb-2026 01:05:44 Europe/Berlin] [2captcha] Polling: {"status":1,"request":"0cAFcWeA5MT2ULfvSYgjwSxsZNiuhQUnG4EYgmxXVLjJuXrz--POYZuvNqFf9h_8rfLJeifxs9OPD7YdM38hbKUcVJ_wJPI3NvUzTLdNe_cxYkykDf-A0mcg8PXP1--fRm2Xr6SHqMIpLjC6BKygWQ1qNgSCW-Oj4a7URweeozNHm5jWgWjkgDSBFCK3Za7S2DnDswHm7jJx0uyuhmeWxVoEWbCkmPy20XY75aCWNo3CoJpR27GIg6kciD9vHt0YR7oydesJSKL8axKkCZgmIi9EMMm7l7kzenU3u91P7H46ncq3ywlJrYvwzR7e47g0CQEku22U0fWklV8sBGCAnh4IFsUL1ShDsXTRQ-4rv-TfVYJ0aeOz2jL54SNu7OY0kdNTJsaRUOG1LF0f4nD-aCXR63J_LOZ5iGyJte1nIcBD-G-QYTHXgu1ZbtoZiwZYc-Ch0v4G5ZQ8yLn8Cq5JOm_7P5Te-38JN8O7aHVGYnjhXl91FNVX4OkhGy-BOMPoMMDr-2KXubPrhr-jEcgceK6J3eSJnIlpdkYrGbcgDRSScwEhioH_iSv0R3RZ_mUPlEo9-jeOXCBO6gnUx_MbIhpieYPZXGGmAT2wLUM5nSGbCCHRwjI4oS3n5av9glkyvE7ONrdMOt_Pof0SUCR2AwOZEBG8oyZ5jr6AcvXtQZW7zCHFffUL7ejw8jqqWPUC-to1V3zPAmi7D2-cS10JQabjSHriXIAq3NyZg9TKSJlvWc_f5NxGmAQF6qIM4yyatXpjbcDuV4xeQ-BzSEoCK_m_1s3YYyRlV7bytKc36lTj5xKwhOD6PjEng5XX0blfcJs8jS5H7q9eOvZ9POF07gMbVH0BwDu1MjWcveNPl8-wVDmRZXemb0t96QZF5I5yKCBGrTwqd6Z_um-fxnW3qGJaAlYwnsZcxCPjXAX5jGJJA0sKM6jM6SaBdq3TPaIZpcZxDX1r4kxVbKAhWVGvjevIxRA16XRAsXjVbFMkdK-4ao2z4NRzR6mB1gxVD7R0EipY3sbcFSELEfTJlF1Z-6xq3uyp-YF7JKGspAJyy40mnCDpYyQ8ydos9JPQnHwOeJeljiGEZ0SrjfHXp7h2xXHaWgtXAgEY1TdFD6zf3vulY9UDX2FbGcsHr8SDPgbjZYAcjjFGzdGjaF26H8aY-viz1vQUbpNjsSP36IgoTTXcLIfNc4_9HcfsFjy53jX877npOONpKKMB9a7T8vGPCfL5fo41vqQ6wt0qql9uTOjGXQ4R6pSZgQ34Px7DkZQD9go0p5LP_2qF2OVwutBOiOLBqM-lBkOt5vawPx85aMxVHw3BXpGEreGCzElPIFN1YsEZ_prbsjiZzER0AZgTrTDSMGlfniSxSWsVJnjV6ixI45ruD6hWQ3jJfSSucrSRW6-sykPoZKsHEdtQw3G9iw8mv3w0JHPE216ltyzQ34O89HL1gDhpYhoy0vYEl3IAMwITFYVVV3uJRemqK4U1MIDYr88lI4NRocTJBSza9g3FkkfS1lh8p0-8CC8dKI-2_S4qBlafGHH0owmsy-731fBf1dI4aAbdYeB-_vxwvz5yTnQiecr4Pzh3v1On-vcvC__hvnpN6qkFcevlxdWBJCKteE0053Ub-GeY1P83XZoupqpLIajGsswJhJvpKWre8DHTKg3-FMbKJ7j1TVKR65kl2YgqSjm1BesVGcoXs751mz-22ITwCs4B57tMqW0fL-f3VCab79RY2LKUh9Qsz10B72qdKye0NIRwel41MKLSfud7lXNZ10d21STY1UHeW-HIjfNVeEGOa6R4I9D___6pudIXmZeF23j8zjArmvn7DbMhtPxi4Zg_nwdKPcEmetD4g8TCnHXli52zyT_Q61q9jBcIvsM81P5-Sp_MPyAurgQmCC-zUF2IzIw-Fi8UJb7dwxWnRh9JJ9NE3VnH3psZUrCPo09-Gig6AaBWLtyRs7IYnwP0d_-wF0Navg5a1aCBg7OkZF-g9qF96IP0Q9OeUDEUVtgY1uqGl8IATiTs1BuwK78DY_aAkA4kvOrj_7oHdB6AUJu0hBhREUopoiW-i7C4Iw_yfqYXw6pvnKPLckmRtxYfpdOjPGwKxNCIPHZPFolk_Q1CSV6FpSamt5ubjxd1W_E04_zxKGh2CvzML1ZFo4gdYolqPjZfZz_9mJVcmh1c3EAd5sAFf1viH5tzbdQLLmYBr-7uEw5nR5qaKVRPARwOvJsfk"}
[25-Feb-2026 01:05:44 Europe/Berlin] [2captcha] Token resuelto OK
[25-Feb-2026 01:07:50 Europe/Berlin] [captcha] Sin caché válido, resolviendo en tiempo real...
[25-Feb-2026 01:07:51 Europe/Berlin] [2captcha] Respuesta createTask: {"status":1,"request":"82004936964"}
[25-Feb-2026 01:07:51 Europe/Berlin] [2captcha] TaskId obtenido: 82004936964
[25-Feb-2026 01:08:02 Europe/Berlin] [2captcha] Polling: {"status":0,"request":"CAPCHA_NOT_READY"}
[25-Feb-2026 01:08:08 Europe/Berlin] [2captcha] Polling: {"status":0,"request":"CAPCHA_NOT_READY"}
[25-Feb-2026 01:08:14 Europe/Berlin] [2captcha] Polling: {"status":0,"request":"CAPCHA_NOT_READY"}
[25-Feb-2026 01:08:20 Europe/Berlin] [2captcha] Polling: {"status":0,"request":"CAPCHA_NOT_READY"}
[25-Feb-2026 01:08:25 Europe/Berlin] [2captcha] Polling: {"status":0,"request":"CAPCHA_NOT_READY"}
[25-Feb-2026 01:08:32 Europe/Berlin] [2captcha] Polling: {"status":0,"request":"CAPCHA_NOT_READY"}
[25-Feb-2026 01:08:38 Europe/Berlin] [2captcha] Polling: {"status":0,"request":"CAPCHA_NOT_READY"}
[25-Feb-2026 01:08:44 Europe/Berlin] [2captcha] Polling: {"status":0,"request":"CAPCHA_NOT_READY"}
[25-Feb-2026 01:08:49 Europe/Berlin] [2captcha] Polling: {"status":0,"request":"CAPCHA_NOT_READY"}
[25-Feb-2026 01:08:55 Europe/Berlin] [2captcha] Polling: {"status":0,"request":"CAPCHA_NOT_READY"}
[25-Feb-2026 01:09:00 Europe/Berlin] [2captcha] Polling: {"status":0,"request":"CAPCHA_NOT_READY"}
[25-Feb-2026 01:09:06 Europe/Berlin] [2captcha] Polling: {"status":0,"request":"CAPCHA_NOT_READY"}
[25-Feb-2026 01:09:12 Europe/Berlin] [2captcha] Polling: {"status":0,"request":"CAPCHA_NOT_READY"}
[25-Feb-2026 01:09:18 Europe/Berlin] [2captcha] Polling: {"status":0,"request":"CAPCHA_NOT_READY"}
[25-Feb-2026 01:09:24 Europe/Berlin] [2captcha] Polling: {"status":1,"request":"0cAFcWeA43rhPDNC9F7SUw5StgXC356owJ3pBHr4LJA_WquA-rusOg3TI60LV2VZbtSAwvXx_a4Of81LxbarNqj-LToZUDcZ6h7MU14AoIwysP4SIV5h_8rNI-3euUe4trnqw_DztfXYifkwdq31qjrIsWnVP_nYL25FyfWt9we6JNsCsr9kuBPuqEpsHhsuzd2k6dr_-2xvA1aBG_ERDG7IUjsNVrJniy-2ewENevZshGT6bXDnmk-m5zVNmxcBabglhmC2-RMvbb_8k_2__pXHKY4hQZFedAd_u_2hmsriMbNM8LgnVgBvkDPe2FpFMdeElXNM8NtFuK3RlmBZWmRm078VHpm51rldkZJhni4QGA0L3YCWFcHbzJybSf7XdrpE5BZezXDRVKMW4wUmEWagAkRSlofHIdNkEgYisSiPoryw6xh_aYjq6_SZI5oEqRthop-hRel1kxn4nfJuVdPk3SojbwJpYbXX-yOzeBCnW-Itru2g2XwIphbmGcX4vvcJz78Ge6YTxw_izDSr0Yrwqt9kZj9ITD4UJhVzSrH5HS01KFJ-g69jBSaaBMW98Zd0NGg07lw7bSFI0YxsXAjBLXBSLrVJQzh1d2P6VPTBzNQr2f7ceqE84YGf02cMCwUNRbIUdMjl8IXGiQQOamv8SmpwH_iU27659R-aRY_dmuNsEQIA13hu410qEtgdAFuECmBwUuGkCa03fXI0kLeDJt-cvsxPOOOYqwpEZ_e0ErxTrbPNX4477TQVfLDCUWzHps3N3Qk_7E5CsFBENwHGpWEUYLJ1kd4zKRJIoh5OF7sTx2-S0heuf4jxkkpBm17wBa4pXmjgbRPgkMzEf-TGRbmRJw6u3M2QuwCj-B_w9OxoNncO8LQiI9bLRVHx1itYctyKByyiz84hZq2vZbVjnDdo2SeSa-E-xm7u_wDUX3ljoBLJy-_mSD_AVH4dTyBndo1ss67MUwJZtk9tl1hJjQrU--3Q4v7OlTq8pzqaK0kClj05mb4A1X_NOJE6U5Ln8-yx46D0ffoY6XrAjpwUvo3dfRh7gTqrTk8XtwOtEg_DVPuAvgCdENxrnf_PkVH7-50UzkhMHblQc7nwQE8OqV4dOXRrYI626HZJSJi7rtcZ73or7Tik5XMhOF7DLknlMq2CPBrCgKRJ3u6lYby_igUGHDMYhBCSETXB7RJuBWAmtbfpCoYwic5AgbniMMJVtPE9EKA3fiMwA59CCMxiHbMi8UVJt6m94qvJroCFm5h7lQyDSFANoex7V5M4pG9kB0tRXbV0_UsjNracZXq-oiF0bE9sSzEujB8LIgGaItVPY359zPzXG7y_vQ4ykdKOHQlxcPnM0DXUIvw2bWzKhMmHO_VsrqKSJyaUE2nSUU0z9ujG7Ju5atN7UdZyNtaAkZtvvJNd4zdPtucW0FonR3MA_59MH1TIV3UADL906Hn3N5K9ZgHj3xxcm8_KruatMqqoLYvw6FV_MagZZx-nKLXKnF4QVA_XjiZCdRDAy2ctl4ILuRBB198BL44-ofE0HLvqcOBvhditU8661VVtoxC18ovgyDKzzDwMUUKgyxT6nISP4fYZnRu5L5-tmAUs4YdBBBb5_TnltePxRlkaz82dLI3ifu2dsZqEcL0AdiKDeTRCT-YEoSQKkP7VhsR4ttOFyDLUBFmvJN2QlgMib521LIh45k1gcWgllVlCKNJxhVO_QRBWOx0qd3M0cmdsHeYWT01BDmazxtnutIkIOosDPf6HuE-citkJGhhB32nb8p64rMioxlOThuDQeWJ8A7KGfgn9Hy4uwLmYPFaVwhUdG2XV6uP9ENj2bFZOFv_nK8uTEDkievEo21ctpF0P1qe4OihuY1gTCFJfZAvNXwcpgtjj5f8vy_gr3Q-aO1ptLfycNxV4yZbeU1PLvG5t7M6zY89rPxClKKgeXwOgFocpsJqhJ2D3ElvJywAruaNbS_wk9fkJdWM-_X5EeNFPEqcL4hdfXHTsGeopgmazk2gS8IjlcKrd8UdWDi5CEdWWZIzwd8XB-MtmoJtKpVXeIthX7V1TZb8S7l4-ty1tKbivZ5xmQgW5AQXecN0JmCcX-DQlOYZyvxHrHxsaHDWZfWJUhCDVfTWV7V_T2slD0Jrz3Bg9XlVP7ZyOPCHVIB5C74sXqEhxZzQz9esOgqV1A8TVuaw5cRXk7T2ryUHuACCoIIm5ZNVg"}
[25-Feb-2026 01:09:24 Europe/Berlin] [2captcha] Token resuelto OK
[27-Feb-2026 16:58:43 Europe/Berlin] [captcha] Sin caché válido, resolviendo en tiempo real...
[27-Feb-2026 16:58:44 Europe/Berlin] [CapMonster] TaskId: 229220532
[27-Feb-2026 16:58:49 Europe/Berlin] [CapMonster] Poll: {"status":"processing","errorId":0,"errorCode":null,"errorDescription":null}
[27-Feb-2026 16:58:53 Europe/Berlin] [CapMonster] Poll: {"status":"processing","errorId":0,"errorCode":null,"errorDescription":null}
[27-Feb-2026 16:59:03 Europe/Berlin] [CapMonster] Poll: {"solution":{"gRecaptchaResponse":"0cAFcWeA6WtvFn--nIkz_T7PznWHIaFks6scKJrWi-MSREt7Eb_qvyETqaJz3Vxlb6xH6Ryr2hiLqkIOE7I161T8DkEwPWakVQUNZ5gJAsHKH2lNBrYv3CGUkryJbyQCvnAKdGu_SZ610HnDSjpN5zvLwEpSqWo-e9XNyWvFoAPsSNUT8lpskUSRBWsa7PIR7HzJ-AB7Y_cy8fX9hEOhdZVgnUHSYrY4qyyKDe6ARaWZghN_dNoURkMNAI5mlumy4qK2zb-kfYE5cDnG-RfO5PZR8AULOAaZuW1jnp5wbqlFOO685e0ikARVi10HP9naOy54oLdzRATXYhIp5n8Nva1ZKDYsNKwIXr4GnOnsr5fpdDHll9DQ2n7FIXpIgMv4RFe9p1np53wcIljmzhhfHVhzQQv9gGu4EmupZeek3HlvycLsTRL3dox3Wt_7i_ZeT39WD8TcvThXz4gI56l4toewqC-jLIPWo52E20D2xJ01OyghSNoB1zLhyMvSqqvu6l1zVgoGD7syehZXYKRmpTu2sR_7MTRE0PNPAIjuaxcqNd3GNv776AoDTxIXSRbg2aX9Y2zFkweoCpKYfmzS4HYMcufBfTHvfjd7q2AyRCWnlIG_9_jXr6dcC6BtmT2XIkJlnDSCe2CvDpga1McTItB-ZW1u1hkFOB4NdDC0G4VLoWDsIDZrRqXM-_fgiscHYlJqok5gbJyhph1f_JTPX4FfMBU6Gb_uALq79jFbuetEwPDtdfDQaom7EscGssncFEhLI7Jtp7Qm0kX7sBu2-06A6dURMrhthAsCr2X8imQg0qzGFG6l_F1aOXb7hrDSbEmVRKJ2JlfVuT3UhgCzH323T5u0KddUBvPlJr8qdxWAq8ebPfo5a4M7qPagcEA3YGxTPS1AbmvOeQMaLq0jE6P41x2-j_UG-12P740UuRELO6GK2tHclwYNHXOXAff9hpwIYhZ5r7t4NR7FQRbpHw8FQiqnUiBEjltioV5qTJQe7w7MTbxKYJ2bZ4zZ7WGGU2x4Oe35InMaZ7pntRM6IB4eGOW3nhytUcwklFqVqQHCZV041p4JLDF4j64uccezA029Cw7d0Xc8JeIBlYIAV7E0TEYt0I_Mp321fq4Fm-FtWhCqOEhCz3uJPTq8EvCY70j7uHqpXoQFdk1Fi1Rfm516zfjEP70vXBL-zbKYHDPvviJPkNtAwzhFiIblElzrE9_I4rXnNnA8B0p26V6P8lUbPKvESpJU6Bb2RI_NH5NtPskg8EN5WmsVGbFDUg5NSphilgsrpqCXfmECesNu6iaaXt0qvtnRI0m5syKZaKsjvJjIr_kshe_x4h2qxyIKt98JpLZKUyuSEbAoyDDXm8tAVKrPC0bYEsoUgXK_e_VJSZbaYRr0XhSqDHJ0A6rYb6NUmjXPOBVrKlyJbUGphGXnuCMWTUucO4aWW7o9WZ4T2K5nkUSQ0nESY6kCQgLaUNwrKtsxvL1FkoVmVEaLezA1HqBLH1FsOWg86vIyLmE7fG-qk9LCDsPtSXgh9cW-5fnxM9TVO18OnSal5ZsHoQw4AxETjc1qQSHdz3_ByjqP4VrxWX6rri6nEF-i81_8ufoD1qozo1GuYwYqmGJ28GDWQ3nB5TXzAT81krsvAk0r0BG_nz9eUr1x8tEAnS87HUqGiKVkLwTVz-sBXBtHAxVs2ZsufTkGjkSIZ7chkb9AEbqd-Pr7S95hTlVei25t3hx3mD-9uRmjudOZQVFpIi43JCe6JspH7T1BJoPArLXLyytmDE_KLPf3Ju48r8qfTd4XYq0YKHIhFGIsCqcnWC32z0XDKXLP1z-nBwIPt5aFI7oK76LIO-liZnRNLrQ8RKmldsSWHXchcjuXSoRaA35vCjUJOQqkaEoTQzdK9ChQ0LwYiNbrY-XEF2Xwd-9oHufPWl0Kf-d6xwliPo_9_3F06IebxQeTmsyf4mb1w0PwhGvpDE5ATPP-2SH3UWV0tGTH1VWmrwpaeF"},"cost":0.0006,"status":"ready","errorId":0,"errorCode":null,"errorDescription":null}
[27-Feb-2026 17:07:56 Europe/Berlin] [captcha] Token PRE-RESUELTO del caché ✅ (edad: 32s)
[27-Feb-2026 17:07:56 Europe/Berlin] [captcha] Renovación automática disparada en background 🔄
[27-Feb-2026 17:13:29 Europe/Berlin] [captcha] Token PRE-RESUELTO del caché ✅ (edad: 4s)
[27-Feb-2026 17:13:29 Europe/Berlin] [captcha] Renovación automática disparada en background 🔄
[27-Feb-2026 17:23:43 Europe/Berlin] [captcha] Token PRE-RESUELTO del caché ✅ (edad: 24s)
[27-Feb-2026 17:23:43 Europe/Berlin] [captcha] Renovación automática disparada en background 🔄
[27-Feb-2026 17:26:14 Europe/Berlin] [captcha] Token PRE-RESUELTO del caché ✅ (edad: 5s)
[27-Feb-2026 17:26:14 Europe/Berlin] [captcha] Renovación automática disparada en background 🔄
[27-Feb-2026 18:01:56 Europe/Berlin] [captcha] Token PRE-RESUELTO del caché ✅ (edad: 20s)
[27-Feb-2026 18:01:56 Europe/Berlin] [captcha] Renovación automática disparada en background 🔄
[27-Feb-2026 18:08:18 Europe/Berlin] [captcha] Token PRE-RESUELTO del caché ✅ (edad: 26s)
[27-Feb-2026 18:08:18 Europe/Berlin] [captcha] Renovación automática disparada en background 🔄
[27-Feb-2026 18:19:36 Europe/Berlin] [captcha] Token PRE-RESUELTO del caché ✅ (edad: 17s)
[27-Feb-2026 18:19:36 Europe/Berlin] [captcha] Renovación automática disparada en background 🔄
[27-Feb-2026 18:25:20 Europe/Berlin] [captcha] Token PRE-RESUELTO del caché ✅ (edad: 13s)
[27-Feb-2026 18:25:20 Europe/Berlin] [captcha] Renovación automática disparada en background 🔄
[27-Feb-2026 18:29:40 Europe/Berlin] [captcha] Token PRE-RESUELTO del caché ✅ (edad: 20s)
[27-Feb-2026 18:29:40 Europe/Berlin] [captcha] Renovación automática disparada en background 🔄
[27-Feb-2026 18:32:08 Europe/Berlin] [captcha] Token PRE-RESUELTO del caché ✅ (edad: 31s)
[27-Feb-2026 18:32:08 Europe/Berlin] [captcha] Renovación automática disparada en background 🔄
[27-Feb-2026 18:37:06 Europe/Berlin] [captcha] Token PRE-RESUELTO del caché ✅ (edad: 59s)
[27-Feb-2026 18:37:06 Europe/Berlin] [captcha] Renovación automática disparada en background 🔄
[27-Feb-2026 18:43:19 Europe/Berlin] [captcha] Sin caché válido, resolviendo en tiempo real...
[27-Feb-2026 18:43:20 Europe/Berlin] [CapMonster] TaskId: 1334679864
[27-Feb-2026 18:43:24 Europe/Berlin] [CapMonster] Poll: {"solution":{"gRecaptchaResponse":"0cAFcWeA6DxryUmWkhkffxdxFgnDZOBEs6UIn-Jdrs1EHYMe_cy1czcCgpEYkI8-dgE02UjURDFeIxxCKZyJQ8xtyhZriMsrOFUJNQSyV613zT_Rj4_AU0laSbwx4WA22hX7k0FsF1_V3ArEdHYTVBZVf09sSndTjYBMLuUwCAQEXT7TWs0qkjhZnOg7QdoOoBFYrSWeQpkJoT-WZRZUA7FWzgHjJOOfG7OOCvEWgLhlc6W-AJvIgDUdDmUeX0EHEDZH3hrjLWKLrhFDIqTwaYGTJHmpW-gq-_NYCFu2XGYBXyTEo882Ws02z_WCcq5ZqeC1Mcn8u3EqUrRz2s1qsmfEFx9gc0gt7meWSBXMuwmQrMU8haBenLNVsKZ8nLXKteEMobk2yw00oPj6r0NvK_H4LzyFMMU987ZpYebwufvVv0ffT6LSVSFZfcJwmTQtUlds-o97hvLo5zm6VSuUf-Drm7gbyAIIje0MjPpotl72FSrzIiVPJ5Og-M3KgsH69ioLH8YTHl4V8d5c17wTeEyr8WsgQruxO7efIjNTqCdI5OrujGj8Ryl5c0YJ5C06xbo1yAEuLcyxfWMHGb98Iq04zoKhTF4kMyMJpC73bWO3CJ92mz7iDesTsYDcY1G5NMEQT6XpswXKYgkbV2Zh4JWtJlSUSWIH4Q_muzJb8iGgXIUYdL7Wik_uz3OXAPmMHx88hbViDNgl_LRD57xOs9b2b-MVyEZ5R1xx8-uiBSnGnY_U_tB3bbZXqYDbdT5jx_vtpws5yJKG31NXMiAVWmC3_KXF8GbU-AVuBNwXbMrq2oW5iJkl7TpFYUAFVi6EVEVyEuGjb75685LeCECAYd9C8ShZbVkLVyGD3VCjdBqYvANPPY9kxkYAvFC3LLkrzaQAuR10UDbETaSFXv_ktCe0euLmbzGBPqXT5W4iL3tfLB5gZNgE4aXhSpXHIuOZbE3VEM4lVBJIcQS3PKCEF3BxfhN5u2k3mKKOuFUre_WabdGgeYlO7iySjgmM-0m6GuB4jmNyWYTu1UZKIz8SARdk9fLEJJdoMom6xvBxiy03W2kNJExscFlL44M7CCZb6FNJknGKcZ6dExWYO6WwCySMJpc8mCGdbESTjgA3ZFAfdVoQolAzR8K7UHAbgi_QFYLMgCsp6VHkBkAksR0BcDF1fUJYR_-Fok9HTnTvrc2UN9QWeHWOisReXAIHZYIRw6H-3gSTZ8es88yt57RZeYwEy6YYcBNI0L2n0zuky1nS9yS_baGbEFWoPhfAZZ-P4F7Tjm-Rajg6vX10sT0a9G0YQCONP9sAF1Wa43yvJ0QnxhfIR46h4a_6_AZO04IYON4LpJSyy5il8XMTuM0rcqz55gyyNeGBLfdc2ZRLkQWC7o7Lnx3K2p8DB7BcrfPwrvc5sfUfLajr9fv0WRfrjeQgHE6IIupsV21d_VxJdwOjaG6pu0ig5v1hr7bvCr0HbzGnl0LQ3wo_xX0i5BfufPlr5PPepiQCgczJ6hUhTe3fsP4_91iqEkUNr1XFGpXtuh7tz3X7f0xj6Yqm8s2A3Pf8FytvMLnJDKImqolWTn-hur-8e7kh4Ag6d69CMf4EN-t8LkqM1aBlTvXAeMbT1lqPCOPUVQJw6DIb2nzQ9ta3MOdkoJ1cqPX5J3BEtHhyVknkV3-jJuFwTGj6RbIDO7iOM6xBhqcckUPegi0QgwmUwsV2Ks7cl7gZNw_k723EWjUMECIrj8zj4tIOEkF1P0VVXa6cB6_OabmmjcRKTlHXUXP0Q9td1GEjHrG3nohjXl1QtupoL16d9BjiKZgvVD3qIAE4UpvoEtqhbXCG33bAzCXnajJudLbgLpqcruvFlWL0z1g2BPp8RXGqnJF3bxu5oRh7NnRUhC7iBascTicTuB06Yd8lkx3MqNs-glKL0UqwzYyFl_ZWq0fY0neNveEmnZlzSkgcAoximzOHusVPKPkg43kRhGFBis1WDJefOgspV2qNWBEaStCLa1qnXi30XtFiHixfIjrHUjsKZrFxF43eliPuput5p0OkGGST1gFby91HoREKkc9Q2U-NT9HLB0QqbjL9Dhzp5nOFd59I2HAu0XEf9uNOozdnKSnGDxq0CvvKUXDb76DUL5H2sQXf7vcL6CqceJpdABxJpMx9hV9RL7RZWoJIBvKTXGprlKckBaPziC32c7_mcmh56q5UmOna8S4rJHk3bf9YWfJqsFt_mq21g9ZPzADSJoPRkKnanLW2GFZDyNFwhWxee-PT4XoDwMtQ9fLRCsndmqbwOopdss2s1GRZrv3cZWX3i-6DmOopX5mOhSMajHAmTtJCc-1ymQcVNyNbzpLQ-LtiSAnffVmriO5VU2ufX9dAUlBPm-GGky0ZIS"},"cost":0.0006,"status":"ready","errorId":0,"errorCode":null,"errorDescription":null}
[27-Feb-2026 18:50:31 Europe/Berlin] [captcha] Sin caché válido, resolviendo en tiempo real...
[27-Feb-2026 18:50:33 Europe/Berlin] [CapMonster] TaskId: 1309723368
[27-Feb-2026 18:50:37 Europe/Berlin] [CapMonster] Poll: {"status":"processing","errorId":0,"errorCode":null,"errorDescription":null}
[27-Feb-2026 18:50:41 Europe/Berlin] [CapMonster] Poll: {"solution":{"gRecaptchaResponse":"0cAFcWeA4uCBaGrgoJT9TQ7ZP_T6jEmKtL8c9FuKtAIskiHGhhrVfuK-8eoZyM-Ka0-kpnEdpJvCIsOLbWMvyf8A7YTkQ2GhZeC6-93fx554zDTJVHHXznBpEOrE8uqb8vka56lQQjjyldyuulUn2Jyibc__j_pFe-18Mg9-4FZY2gc9bg-8uX5nDYMDo2WYMPkQcwIpVE3eeQ_bMrw84r6chGOSDc1ohXN-xxh31zWTwcIfJAtFgqRdlAs0DmfqHLcA4Em6UB15Yzt8D-ju4g3wVC_VFfALK0tqN6fWDZj9lt-oOkfYjcKCiDtPNw1bXuyovb8DQegTJWW-S6A9Ei_Pr3XP0eEjLzmDMUAyBU4o7GixQAam1dU193O_QfcdLTKekuLsMAJWQgFVxhY2k2nOJ48kOwndVbqlMZS_uW2XLyAprn0Q_nBujPGfV5cUmCZFPXexfiKKttOWrLlpGeXAlTR9BeoFiDImaCZvYzgLqPBP47eoHK2QM3h-s5TpjE7wzFCXKt5QFoulPVANDCLwgNRfD1TurqW7FYHCJA1vVvAqZFRmXF2ygnY2IJA-kZzVvtU1dgU2MJvveLRJwGtm97awseG9ry0W46Mwc12DooglIXnk-mSL5jDWoFOvJ5v81L7oGbDlnzx5hjwmlqK1zHd7xGCZ1bNzqyDa-veezqRNE_-YO-8jrN9mGIFlsYuHHet61n-PEwP1Nip_lpv5zSg-ZIo7k276tpa95wT2FAHtOnV1uau4HmNV8ztW5dTA6anN-38KL4ajKv3QVyur4Dy_rU4A9fTkclDvc9P0OuzRdbzEZi9hHNCxTyU6y3uBcoXK9dJrTLo7ZnwAph0Rk_EAaSzK7cWJB8p55nzphOfuZxfwh25iXp5k8KJKuOJUp38FPhqqermlUZQnNmLmX1-da64h1DYKspArH2fwclhSpxkGMmOcyHhBAaN5WKEl0PhD3dYFJc83ljGK_STQYOZbDG_gW1esKIa85fVwLq4DQMZ2WrKY_5b4PkCSjxsGlLmTnNG0BArBtbB_fJz6-rmWKMnn9g4PRIQiR3ajNt5hbu1-QNiSfKFeAKvfG7O0V6uwhbdgYJZdT6NB_DJ4F8L8Lfcji2mz4sMyY_aVNdaAXvnpKC32OyEkAJWHQacdP50LzR6gUiGIAN8K3l1fKfUt0Vi_zKP17S_vx7YRZEMG3Are4Q-d5w55SV2AMXORiZvVZ0w92kCIP1TvKRe8awTMawaHfHprtbjlkga4Y7wUUdMiit_VPJmnWRl3S2nqfoeuYaqb_SMxMm0L11dHgRz6jzeO7ziIhsEiweZG-ZDKYf0tzfq4YMkJEkTU6o7-t0ej4f4GYLTKelmG-7D-jYAbLk-QkCfiCzk_QYiYg2NZIZSI8DlboEClIBhSLnUDTAK2Co8BZ40fTDlWCE0hSX_SxvZAvXjkkZBBL5fSsmWwDG-Gumu7x-trFqSTCLJHUzEM6qVKRsPf_7No2u_lMlSzIlls4Nm3O_balesC4dKjAiCPm5slLS8tGBnpyV60KuA3Mzv9Kj0Yh3IYIBBvxCodt68XYWfsaHNElUAJgbldc0SaYP2xwt3d422evnjzonIIf-BcOWsxfk6UbfjAWNqJK7-WHpK8X9UxRgbjQKJ66AMymoD8onDeAPGigb8MxdNu7oKh1GZI_fXSe6aNqVVnoIGQqfbO0G3cZXAWGDnIJgnxBkLw8VKXcaCh113TTDH1yqh-DQxrv1dxUyB2mKK_JGO1WZoOaE9EQV4E1m8W05NsNuTxg817yqSOhGqgpRlzj5fqOFm4rGu8Ey-_a4TfNgw0Vd4XhzwWnNw6tu7nHHjv7zZHB1DxXmhDnmlP0T6pu5f3dHLTEg53JYlSfBMp_xnbkBh4x5YnX1gkV-Htru9G9SBaw"},"cost":0.0006,"status":"ready","errorId":0,"errorCode":null,"errorDescription":null}
[27-Feb-2026 19:04:33 Europe/Berlin] [captcha] Token PRE-RESUELTO del caché ✅ (edad: 19s)
[27-Feb-2026 19:04:33 Europe/Berlin] [captcha] Renovación automática disparada en background 🔄
[27-Feb-2026 19:09:34 Europe/Berlin] [captcha] Token PRE-RESUELTO del caché ✅ (edad: 47s)
[27-Feb-2026 19:09:34 Europe/Berlin] [captcha] Renovación automática disparada en background 🔄
[27-Feb-2026 19:15:16 Europe/Berlin] [captcha] Token PRE-RESUELTO del caché ✅ (edad: 13s)
[27-Feb-2026 19:15:16 Europe/Berlin] [captcha] Renovación automática disparada en background 🔄
[27-Feb-2026 19:17:00 Europe/Berlin] [captcha] Token PRE-RESUELTO del caché ✅ (edad: 0s)
[27-Feb-2026 19:17:00 Europe/Berlin] [captcha] Renovación automática disparada en background 🔄
[27-Feb-2026 19:23:48 Europe/Berlin] [captcha] Sin caché válido, resolviendo en tiempo real...
[27-Feb-2026 19:23:57 Europe/Berlin] [CapMonster] TaskId: 1323365053
[27-Feb-2026 19:24:01 Europe/Berlin] [CapMonster] Poll: {"solution":{"gRecaptchaResponse":"0cAFcWeA7uKhEJZ10xm0yuN-t98GJ8Mz95QbXFzmT2BnFC3n_4nAdZ32rjqI0wgJHvlo1uJQlxNHU1Vub7N5reWfuRjEGkUuvV4ytaa6Za17BkXezAB1LDI7MskTYfTboaXKsf5Vl9kp6sMOEl5ivt8svlHlyq9kJoxVkBVAjJPOGGvF9vTDTTG2-HVdwpMuLYtdbDd1OeURFF4CQSm8d4tm1i9rxNjUrdQHgHew50_TyQ2556FD8LOh-AY8pSd91EeWg259AtkT5FPGk2Eh-chWyNhnyK8UVMQ0mTRqbmnfItu26hGBsBf6xCDLVwbq-XXE5dnGi8XWgFnzeZhwaIa_dxwMusMKUx6ygaHg7lX40WB4gTHeZFeduud5Ftz5o5o94NpSaCRmUTaDouOeuI1iLCNsRZBaZaVBFmfL15Sl0ePsJmREBs6f2ykYh_np3Quy8nC-Wyv5MmNm0JhW0chocJMPvzH-oRu9pvQx8_oanNsOBeGy6nDAm1RchyBw9Pwb02McJoeQeq4WLUNf7WlganToaRrMGRw2RolsfWmdCvwg9G8AO7bNNzNFfRJ9FBULqMnTn31vsEaDnFsnpCi7qgDDjZydyxBk0NHHcoqyuxxNwhBEnRKJ3jguEq17aiJirG4bdHCrKfV2asyCuaXSENjb4L6c-kadjTA23SljoUwHO4CPsbiqYzlqsXr2gOLVkwo2_w6L1cKhd2OQg9F8IW-f3v5tLzKpW7qCm-07lzaOJLmFQUouLPkVzRpbrBCfcoGTTHJdJ4uLr8K1I57xHmpSHe6KDD8owHbtPN7RKvcNRgjARwH2hg2XaTxW7BVGL7DyVscPugm6ZqrwxmITtZTw828j8lgupQ3J1qS0nT2OxXhZFk3XAI-cQhWKWHuclmoh6Oe0HC7cozT0Sh8hRwsTT4t4na1MBlvdzDZSCQJVFyLLFarsKdfITVW_dgqo-gdy7WyqJ5dv23jdOPqVnXldxwEIgVGNmKZ9GczxrIzd_REfZhL1G2UBeP6Q1rDeQuzg-sdtdhcAHs4Jzcafz9OxRy-zCDzktU5EK-RKJVr0fAeLiNeF8Zw241LN8Cz-GlUqDBus0rhJo-KoQr-FY4pB-LpM1_bPssnb2XhMLtrAjfA3cQ235ExN68Vu3P4dFSiRbKZIx7sXjmbCSe9LA24cmjlS6-LZhsclX1n2GYuUOJKRKfISOWVKKLPs0H3T6ny6IMMml4BvxeJQdJn32rpFTNhlNGvC0NuhmzFbJPbrqPe24JdpasntYpw4Hf8nZiDVNMxkdqCdEy-9rSVvryarIDNtIhOpGw9M65vIwdWEK_2AwqWu9AB8uETAYS4PeBRcAFeyv7Z7M9D7Ui32ZNzfb8Y2wuHkg8JC8p26ZyUktog4YZfiW9kl5RdTLMdSt7DSC4R5MRyxt6IF6XpJDmmL88E6Vp_AflPPJyl9dn3_qO5wM_49hM3E-8XmqD9-DtUECb6vyy5_HCrC-1aWxOm4WTaLtZwXB11c-1_qKPf1WDl23r_miquFY6j4pyto3a6jgRuSz4eEUvHtBxWUzJ620gO-Fy6qyCn5a8EWjr9_Kn4nc91nl960VSxqo3VTfK4Krq1p0AIg1M_En8UFVtEvh15mVY8Rz84bctFli4sDgIsNY5eU-xoOg5PIgTgmJT2BxH7wL7-qA34briRmEgsWkktYg9ms-WQWs9f2a2BgXDFszR3DBR-VsoQw1foVKVhMHBzkLx1ZK4-YTWfCerQJFSrjXfbm0RwX-blk5B8gS88vXFXw07k9uRL4nE7T__bkcPesIBWbr7gSCwdHHYYVZbJ4RwH5tGbR8dxDhEtRNNSwBVDXbfyQlVq1dIR1MbGBLZF7PFkSAymPVRZ6EeyYGVaRblyT6FldV1G_drImSYVfggxE7RO6EQ85AHLb6RqCHu6f1-dfIv9BMW4VktyZqDHT4F_kgTkk_7Lclua_OSaRnhudN4CCDVVKZmbStenqhg-nj_-vWEzBXsKUdsTrOp5ECUiSt9WNRkFFrzct7yz5JtXDg"},"cost":0.0006,"status":"ready","errorId":0,"errorCode":null,"errorDescription":null}
[27-Feb-2026 19:31:46 Europe/Berlin] [captcha] Token PRE-RESUELTO del caché ✅ (edad: 32s)
[27-Feb-2026 19:31:46 Europe/Berlin] [captcha] Renovación automática disparada en background 🔄
[27-Feb-2026 19:32:54 Europe/Berlin] [captcha] Token PRE-RESUELTO del caché ✅ (edad: 19s)
[27-Feb-2026 19:32:54 Europe/Berlin] [captcha] Renovación automática disparada en background 🔄
[27-Feb-2026 19:34:42 Europe/Berlin] [captcha] Sin caché válido, resolviendo en tiempo real...
[27-Feb-2026 19:34:44 Europe/Berlin] [CapMonster] TaskId: 1339213124
[27-Feb-2026 19:34:48 Europe/Berlin] [CapMonster] Poll: {"solution":{"gRecaptchaResponse":"0cAFcWeA4FkLt6qHHdaV3WPdttMQx6Xho6BWbc9Iw6AAfopjMWn0Ub6DniUPlwZTfs80FizAjfjKU2dnr1o8nzWLA7aYy72KeGUYE2K4KzASCTkIezfhGez3mdZroetVKY_7O8gR2DnK68hPVGMAxs44QIatNRrBBErvKr6sd0dy9POeeOpeAfwUSdqBMs_5r8-wwO6oXfj-sQLTDTzxZvOPWrcpQVjQokxS0Z_qWNEFIBKXMiHNwN-2m9Ckcn4BLN8SjqjNS8iyOGqh0jUGGCvvtRehxfw9O5kS2mtHX2nTuYSOyN6eCUf2tOHcNr2Vcj6kipHgnEKunz4gRnFZ0aamX4s2WnpT_1tcFcYOLcCn4rY5aOhutzcKdM5yuqQ5avft0YOeym-ywPpO75Cq78Is5AePZFGzVFHVF08AE0BVqfOIHT7Eu_r3OLblPo2p5XjniR8qiSEjpB4tlhAw8vkdhNVa9rsyEAwa8qFebxQu4VDSl9NYBX6-4FGDNliynS7-BES9GVQPhefVtAf_DT_MVRE3SI0j_wZg69z-S2WXQgg2oqKjPxg7z8WDHapsk-UMrPnNupJU3mfgLUWmGbPVCWfvxLcR4h-7mvmkvY544m4_zZNhzxV-H6GNMZyl5TV2UI75vfIZQ0hubeQfBBYCy9tJfT_S1dHorVQ67I_kRCh9SrH90mqkRLJxGLTi1sEtah-89r2D2nsjXRcuiyg13qAbcQa3trSOtBZgkmYiZbI-Pn30oMVhJ7WxVM5HUcpzuVRdqYRBGtV8_wCHlqlqz1HKApOBao-CGaPjHqieJsBvCpPIBY5F5pyP05UzGexeAuJDnGjlmY91ti0Tog1VbYrzJNBKSTwxurd5pAlcPXWkMmLAi6fIX-Hi71RwOeHRfBXxvaQrWmk787N9FW9T9EUz4tSk9qTCsXR7QRUG1Q58crZMPm-7drvCt-1TQ-sfq_s9ZnODUiZjo6OKw7jc4xpB9lyByoyuUWRejxRWyBdhvlTKF87s5YdeSJ1kv29lOqFO_HjBWT4yKewTHxaJi1qKApdRrvi4grCOiEnthYikSZgKTEX_2ONMpgsJE0gld-Tmg2ot5e1ExMfSGgswvPnh9eIDg7rXjpMpQVApFGOSL-aYvga86ofY1wqv5XtnC0YjEhDulqd5_kjxRCBknJrogNE78TNOOnp9Vwp7hYGguMTFfYgUjK7uitnfMvBWxzwe3xPIVvLOAyCHZkiommb4YiBKbaSebQE7Q9pAILhc3py_dJEILIP4F6ueeaWaJ0Uz5cCRJqKc-9LqYYsTgSglJmGXG1eSgioQDnLbleb___8NlELRDIX-cSFIB_oRTttIWimlby2MAgrQbQG9iopm4XW4ZCvJCCG_tRS_A_CTLMM2JlqQyhOQj_GYA18Wz_TNaMabYxmM1-sh16AnaTmjVfG3IjlJjJXsPNgFhA1OFDF7LGP43aRiygYyBrloCY-n4xIx32As-MA0a7Hm3s3oiyFYnf8TmjdR-5EvpjG3ghzP0fFKmqOeGZ6Dex_VNnbH755ARN8UJE145wEBzEOWkcCC2ksrBVgmxgB7Fi7lHt3CEf8g7vSImh2uJ81xuqtK6SEqY5t2UN6G5r5lhQABtIfgF6pueGXW12FN-pIpnu5bNQ2IRs2EA_H4t-YV3V0xA1hJhq_znoaa9FpTLRiX-dP4htLdAy8Ahy85Yc7BPmi2SDgAb40OJxSRc7VKd9EstutIN7w6n2nAY-t0yD9_9myl_AtlhHgYAVhJyQcBwbob8ldldvTVQ2oPIDVM0YGseDjYM-azrYBAsmMCIOlQRSR4-RDeQxMWU7bFbIPswFkiIara2ENwBAV-xufPd1yzw0nV3qthTsQCYQHzTDpXTHpACgUnwbUOrWPhFDdqPm-PBo7QErZoTxt50yf7DpedIDEDo9zsgHQ1Ul8wsqfEWwtpBLjBfzm-zX6otMEGelMEepdj-W4beKHWa7Jiq4uZT_tR1tpYPQORi6PcXrpNF0gDjFQuxZg-0Dg4W4WJVcaJxnS5XL71JHufPaXNSkRqeDuHvGRzpeS-qMi2OlfOA2qDVstw"},"cost":0.0006,"status":"ready","errorId":0,"errorCode":null,"errorDescription":null}
[27-Feb-2026 19:39:59 Europe/Berlin] [captcha] Token PRE-RESUELTO del caché ✅ (edad: 26s)
[27-Feb-2026 19:39:59 Europe/Berlin] [captcha] Renovación automática disparada en background 🔄
[27-Feb-2026 19:40:21 Europe/Berlin] [captcha] Sin caché válido, resolviendo en tiempo real...
[27-Feb-2026 19:40:23 Europe/Berlin] [CapMonster] TaskId: 1323456151
[27-Feb-2026 19:40:27 Europe/Berlin] [CapMonster] Poll: {"solution":{"gRecaptchaResponse":"0cAFcWeA6Lw3UaxsQUVJ6sReJpy8rzktSVWOkJiwGET_trkPp_h-tOp5dA-ijTTIFKuN8qkdZ-X5xFLL9mKPpqas3FpGdBDOjex72oxM_yt8gNqboYFTroCFZ4ZgJbLSnpg6CsktdhUBt5nQZyEvE-hhzbVF8LG-aqH1oAr5qZWGjBGS1qOX1Uj2BYDrFfZiOVPWeHmGFHYAniT45UnaIxg-bgiNrHMujJfWVfisUq_sKPaHLxOgtGltoW7gEfg3xkimsXSaPnEmlws8yji9D-AYC_wBfe3E2DIT8hg36_FjEXy1-803MixwkWkJKy48LKVGOgLea8OyByjUMFVq7nhrDHTLxDONsV3-jHqfJWG_VkBo-7VL5wsaNU8cP9KZS1QvU-vmIn5ZXiLK9aa3Xje7H18d7VawkPBoDIz5xa0FUi0wH_fBjO2vrhF4gIjWtnS30UgoX_FaAA6_NkjExLnWnq90SieBTKDvrlI3e2J6bMzyxcvGdwnWTthlXyP0tXJ2ihblO9hhbFaMEBH5D8CBDLotNPBbcY8JiQakmYwhKmf1vNdBPr9fjQCJjs3FYoEd1JQE7R8NbXfVrkqfxoSi1utDGoNoAZS2aB7aAn6pMdJ8-4PIwVked5N0EE9w9il73PBWs_cyQHNZi3G7fa6qz7Uu-lduDgA9crls3CVEyvKAwo5UdbMoghSVV26Nrvsn38Tll4Jzd76fP9nMU5kdDT2Wfneh16zdHmp7ggzfjmQ-7jWbyHTXp95YQ_wXFsz2SuVb1im-D-jEAVG4Ga3uCM6woIsVhzIzXQ8gAAHJvtUjT_pctZec36cX878frK7twidtjO36-bEb1-7CrDa0OTXb_5k5sjUyfGVIHz4j9Dvx9DXby8kLzFbHgOa2AfRT1NYaj5tow9Qd4nRiqxAOyaWvFR8OFqntjeQvqS7k8X1PGwOIohn3Iu9cTUvlO7z1cbIfjxlQktI86nrn3NVLCI3gleFi92i9IDNRD1TD0TE_NglmDjr6v5xCAEyrKb5bd0XlIOSkZI7j1DrbRA57kqhNkaddFGw4X36d4xOrRZo7tsf4t7hVvHkfdNhWsPxxBAhewCreGwf3wHJM5t_j9p4zhCsUYFw7Z_-ezHQ9Wakb_kTxuR7coRUx1mLkUyn7_lNninUlPNcNVF1e01bRYe4Iq4N8rUhI5CLqBitvUxDdKbE3betSWpPmHesdBUGrySGuG5piLbyck0MuGC3NjfRiLQaO3NSGAx1evHYZB-_Zeg9vl3kFvyqMT3QroGbcbBXHch_veQOxWC9y9CXriBB6033CDM9nWAa-P95vUv3y41yRpKT5lwiIIq1spz6MUW7ZFGjuBjzcmRAhJdRAdywLaNyfr-yh9jRUn_3VJZsa9Ht6vkfZDqyNWNAP2Xp2G1leiRUoyOg4-aYBJgKaYHRmoRw3dteTYO1iR5_zj_Ld8tqnEtYCvitQsE-joj1l220c4kUHFcPHsV8epGt92ePtFVr-13DIKuVSIA0U4H4-tc8ALf7hIGMSMp2Fh9rCXyTVUvKp0uc-VzinIx9LT1vik1E55wDZFDSP9xV_v4EBXCiaBjO6LsM52hBh_CqDkzr9BxZRdRs7_Gwy3pllaJg--crWCd0Kb_jeqv9sDUFp4yfg76mwPRYwW05OfJAod6U4GWPamj3U003DYcgA2SffGO7bEMFElPRFlIh0sVyIa1Qw8YIsHy46jGJhqQeLcCTe5kdp6v-fbBwZLu8pUvXS0mvyFN11CiU3FCRK8wtWIk-miaQhGwbL5qPPmjyu03xC_VyrnH4YYI6n4XSCkPSFbU01x6NvcvcfklLEsLe6rDbtlHYPXKhhF13XALzsJT3besnurZNE8Gn2fEHb_o30T9VEedYEGgOLlVdSOFRUqd8Ad4_171Zp2TAuW3FdFBAhthmgqcSCE474gUN-9J0POgSp7te5C2IXQuKTL7MwB5fswOUBmN7bhm3hqEBMB-X3Dt0f5fHFBUGfXffme31C6Uxxqfu2fMzVMhgGmsQAKy3exQB_9K4bRFlYNQLPG0dcw_VIaHm9ryFlXevZ3XTlV-QU9IIiSoCRZRO-GRoJAb617v085lZnbTjWXqg-5cCfLyV0YUjrBt46i16yGDdYq4VVKIqJP5M3DeUcM1PfdBE3cSNnQV_7d3zPX8IdHpYSp8UXI-Y7prvVcy8ry1IoOx_OBx9p6_Sa9TFmU2nrMszOAveLUhwZhnYukkNU5dd-W09R_7pXz7trKcExYXp_P--Wv3oQ"},"cost":0.0006,"status":"ready","errorId":0,"errorCode":null,"errorDescription":null}
[27-Feb-2026 19:40:38 Europe/Berlin] [captcha] Sin caché válido, resolviendo en tiempo real...
[27-Feb-2026 19:40:43 Europe/Berlin] [CapMonster] TaskId: 1319610027
[27-Feb-2026 19:40:48 Europe/Berlin] [CapMonster] Poll: {"solution":{"gRecaptchaResponse":"0cAFcWeA6KpGAB0Kvf_zDzWe99GqAkwX94OqGDxbzzdmbxyzXQTG9AeVrHLKZIUxAHMFtvVpeTB8VSKGkJl4RAl8HnUEka_RsqMdaXfn-sTATsZFN8xhbqoEG_sYqH3NK9xT72nLuRaR6JGjEihO75GPtS1f0V6TyVHsSZAZIFi3i78IcKJXAOdwlrsa0hAxm8YDcH0z-oEHIogAd9qnWc6q6zNYW8EuTVsfnJA3kjfB1Mn2GndWionY8E5m6o6_CgRiwqdrPjClNmnY2jkD8h1vVZQHUGCyumGQkSGMJakeRbljAKr2m6DhCo30Jhtqruy5b47hnHcBYuL6GGlfLfxiTgAPX9HRXbQjkOkU0-3f0tRSCi3V7Zli_yG68JIQdhDJe2WHgCuIlOVnI9f5c-AlagPnrHIMyfnhcH56503uYwP74cOftTEQD_wV86pBh_d5Oi1jQZ5ED7Wn3iIxR04yIsbMq-5WAm5z-DAlSDehlhHIz6uPDCBTFMVuqfqWcnxFpO7KVkU60jt55L_iP9WInuwaYvh5CaDxfqp7DDaoQ3i9hBOIq5AorqGHXa9yD5qRALDP_BlhKYTOygjtCI9NRFwJsskQ3LHy32fyhixvdao78cpEGXXadHpiVEZYfMp9Lj3NaWEG_8bNUOMIU2WEtWHHon9qDg6P5hm79Ki19JMZqJQIhfkhJTnf0VOaUjU0LyxhZy6m4hPgi6AYZqEDYl9Yu7PfTzrxO4QQAHw0GR4vJppuS6a1FeMEWO4-Hre5DiTGzJStzSqSa8fUuFVb7YDxD6LHM9XDTOlWGyyatzhfWbVG1DS1ji14A8TSR9Wv7kohUYC87tfdo7mtLSXcQIspgXl7PMA6uXxfwj_-FD8EytDFSqzD_s9rLYSIvkRaSq3f7L87eskw8eTrQn33f9QXpvR7LBT84M2rJYluuODGtET1sfCSm9CNtu8CYfwKJU8vQJZCEMYmHZU3AuiB9I-mu7tbAshMnA15OtXHfibapauz754reIcNPn3FPvQNAK3vR0yzXdnF6W-CdApyP3cYerinzfFAISin7gH9NhNZO8Gzzz3624OFTEGuKgdXS3x0QSbW4P00f0exLpdLGMI642ctf1m7DqVM1jyW1kBOGp5F7B2LJ_m1TiCmHs_pl0egQQ-4Ld-jm7Pt3RaQi2bJi99eHVSqGgcHTZTXjb9JEHZ0AbVWR91mOBOPoxrTN7XmxHn7E3w6XkiXYC1KOZ58HtuSr-7qC7r6cgaUOTkDIIN7V6t1Wbx6MvBPb4JIA1NupVUBmE396jyYIggnAgRDt1E0ISwfhhStjQIIEvUxzjwE4kZ40dNEiw4rwRVjbgHUu4izDqaJIpuvqKx8vUwc-Sg2crbwJhIAw7Y6xKBaTc2OaGs6JRWl1ULpat2QEuFBsxCTvdx9-pm2KhthWTfobURADdAXCRcu75jENEPt0znhawUxwWR8B6K3qOPDFvhuvUAsVLz5IXntQoofk14khwXB6gmrlnmyydqjvEVvk68EBwFK_mwFxZbuAOAZuYfgBLrvY7_WPwJy26N6aiIQJDkozzdLJ_LIWC85zwdmfiHyNLVn8Dw_p1gskDQC17r8fep6J0vOtkXFoAS_6DVsyBQFLyH_e8Ww_00gIIlr6_K7LmDJ9gQsqUV6vjuYXo5f6MPYCr--9TH4G0vVdPPYKcfQd4FJtErA3sU0nJb1N14GjFrSg-rE1fawSMzpDAOjJvaRjtHKXBaiFPeiaZwoS8bcS_KlC57XiLuidfpKy6ljMHSKgrl5T5uxK4zzQCFLFcRGqgkQgKu1wyIUycqo7UMYiXeM587HKHyvSDmsRpSffq-juKmArWMIdwf5-nEM8VRVn3YoiC9nGMZb8xZc57Wld484fkMb1_LApKZxZTZ7cKVe1mTi6ut5Xcv24p52LWJWyicER03amSepwyZG45nRGqT_va5-8Cawk2a_rfQC_cu1R30tpCcxpfoJMSuY7cz2j4PpBOIESt2qAfEiDvjQCasw"},"cost":0.0006,"status":"ready","errorId":0,"errorCode":null,"errorDescription":null}
[27-Feb-2026 19:42:45 Europe/Berlin] [captcha] Token PRE-RESUELTO del caché ✅ (edad: 4s)
[27-Feb-2026 19:42:45 Europe/Berlin] [captcha] Renovación automática disparada en background 🔄
[27-Feb-2026 19:46:22 Europe/Berlin] [captcha] Token PRE-RESUELTO del caché ✅ (edad: 2s)
[27-Feb-2026 19:46:22 Europe/Berlin] [captcha] Renovación automática disparada en background 🔄
[27-Feb-2026 19:53:25 Europe/Berlin] [captcha] Sin caché válido, resolviendo en tiempo real...
[27-Feb-2026 19:53:26 Europe/Berlin] [CapMonster] TaskId: 229714342
[27-Feb-2026 19:53:30 Europe/Berlin] [CapMonster] Poll: {"status":"processing","errorId":0,"errorCode":null,"errorDescription":null}
[27-Feb-2026 19:53:35 Europe/Berlin] [CapMonster] Poll: {"status":"processing","errorId":0,"errorCode":null,"errorDescription":null}
[27-Feb-2026 19:53:39 Europe/Berlin] [CapMonster] Poll: {"status":"processing","errorId":0,"errorCode":null,"errorDescription":null}
[27-Feb-2026 19:53:43 Europe/Berlin] [CapMonster] Poll: {"status":"processing","errorId":0,"errorCode":null,"errorDescription":null}
[27-Feb-2026 19:53:47 Europe/Berlin] [CapMonster] Poll: {"status":"processing","errorId":0,"errorCode":null,"errorDescription":null}
[27-Feb-2026 19:53:53 Europe/Berlin] [CapMonster] Poll: {"solution":{"gRecaptchaResponse":"0cAFcWeA5eDUO3wqxBtn7NqIzaekWyLqh4IbuemW-G6BFOz12tyztRN4f43m5bl1v0K8iTx-cCsTGFMc0bGo_DP-dFxEo9RQGH3tGQ7iqHmIDmSy5cvElSvafiOPX2vPMdP4jaoHNXto2-Pc_FyAaX09MjAdAcjVIOXA0ZRQpvZxwW5zB_cgWFj7WSvn1gcdnrmrLjOhCB0AreEXIMHIE2Ju3sQHAri2U1JryTgnBBX18MpZwHaekholjvJ9HuOqVSYO3Eu04qDMZvvFib9URS-cCz9ZYoIboMU7CnDp3peXM5eDDowrdJ7cktYgvzltNbcBfUVMLLsPGP4jKwbVc8UCrSR_BwsZByQMkG9YFlzMNvIPnCiR1PPefCxb9LRbHcGklmiYrL9BrRqAdnZ4bMEA3kIs6sue8CchumXaM95mQvyE4NboiYIVC42wN9UPT4xvqvWHpbIHhLO-KCOzeLqkjTAhxT1rhm3avfx1ZhPeXfQMfqZ0OzGWsj2Jx1KpjPAz1RkNnlK7bLK7emeE5E8jkeVWBtujY9pmNP1EyQVDy5bAv5XARL1tVmRs8pumjF7UQpooeFkhPemza9J99HB1oXvpt2GXvupjmNlquH-Zq4xV-wSSz5EMvpjhDyyGLdwliB8zs4ITA1cpk3ygwhWvA0PCqbnZPdJGMG3nykF03Rtm-FX9-e9z6qF-AzofNVqSWeSQwL1nZtuD-Wz2SN8_tmAGD9w5dFbgfKa4R8wR5xJ8KHBzg1TUm315vtr6VlTO_NNyovwxd25SaTiPD6hJZCjjuNedIZPPnFxsFkwcvNMPczkSLiQrjLOricAc7QGMe4nSOEg0ysOxphmPtW7MTpO-ocUB50DwBnSYF0xTTZbnAxGMMac2k5c6gSW5n-HVmyCIY-q1EkRvPBfrNw4U5tBcZ5XGIeM62_WLfgcQZ8WEuxJWehXnFl2pu6Qrjnjk6YoFq9AVkPYk3Oq85zKLn6FxxKEzGHeERqjDrkIRvJUMbhQicQyS_U2_LSW2XAHxSj-cuW0oQc3pCgN3MZxEse5MBMyhWaFJ7BdaookvxA5r0IXkYUwtlu0d4vNJGA3spp14pdchWGBkfNoCrHGZA2EhrkW9_FvaIyG9VNHuEP8Dkkgu98IX3dy2h_yUF2ny9dN2HUhz_wPvm5qXxRLzNEpxFnnadPaVxsVBXll-rIv27SSmsQGLkeXv_zkhLZoarBwTKejXDOQKaYxJRACZ5X28BXVwKOcHHu9aBDEOYg1MigRmsSUt9zb8zIpV2jZeoD32m2gSp6mhQfkG13TdjOYFc-T4Zub0ZCUNcT1qxE2GORZBxSWaUotyIOZXG9G0ipV51fhchQSXTe5Iw0nGePZ6xQwex7GtnZH71oWUpVBap1tEpwiZTrM4k9xyRmXpWr3jGIYABdk-sSsaqmX79OOynEys5CyiZAloBACt8S2VODbd0cPjXmNQjml8pYD0gUIlTmyeK1JemdvXaLBU4-3YWZjz2kCOpyI4oUEdmNa46eHtoVJIXQJLXUwSvMoA17sP_KTOfLKBoKsdQ_Q1W-xE_Uud5iy2fFqe_Oek60ARirtrbKIjB_a2EuazB3cBC-UxWesTD1hJrOHIRUB1qdKJN6zRGM0U0cRSTeQmt1D-bIZmWYJoYjrMCA-A3DEYkf1Bq-2RzYBZyMt4FR-WadVL3ghe8IdJ6MczuWY6jGkaN-0_wWwv6Pu7b9ANF96rv0jrZG4abzbGKOiObJ2g15fCeI1cPQYF-dPR49sawkEQziGr3oRTT1DcEBWdOnvWPgYsePumiXmwnn7HDvxTG4qiSZa-tvnxR9ZNTSO932v9FX6pNK99H04kgqjQUVFtPWPc57mFL4w0U7Jv3PVbNrdT2lzhhXcqZfXCZ1zQDhlOXl6eSPY7mCMTLPAtQiIof2VnNWwPXJy8ppQUhvejKrrQHoPlgZd2ZudEKrbyJUVwxk2mztPxNYtNf74PqRg5lWDQ15PtBiPqeducq0-2JaMr5VtjBfdAX8VOI9M0DgIxHgNowgz7sXVveCgeNGYE-bu_QcncTayS7lpuJByvrQz-_owfxim3f2W4MEyW2xWP3TX4rEj4tbm-_gSmGSu64exr6Dy5G-tYufp9-RXExEu2Zw5P0YBPS5lTcQEcIGdXVNueN4pGtVObbuHdWLO7QUiM2yApRk4z47BemJHUUm4QLlDOJRrGP4hS5RmRODYLiEA5ArG3P8BvvkvVa-6O1eOwA6obKwqne4xy54K1tEv5NKk39I9xdyqwfUmfCQ2Z9R_y9nCqmF9AnA9bJYjH0MUNErJLR4MA8vi-4f-NJbQchq-H_203bgx3UUq3mRM4QisDsyryBYJKSvKkL5LP5aLNQkdZ4i"},"cost":0.0006,"status":"ready","errorId":0,"errorCode":null,"errorDescription":null}
[27-Feb-2026 19:55:22 Europe/Berlin] [captcha] Token PRE-RESUELTO del caché ✅ (edad: 85s)
[27-Feb-2026 19:55:22 Europe/Berlin] [captcha] Renovación automática disparada en background 🔄
[27-Feb-2026 19:58:09 Europe/Berlin] [captcha] Token PRE-RESUELTO del caché ✅ (edad: 1s)
[27-Feb-2026 19:58:09 Europe/Berlin] [captcha] Renovación automática disparada en background 🔄
[27-Feb-2026 20:02:14 Europe/Berlin] [captcha] Sin caché válido, resolviendo en tiempo real...
[27-Feb-2026 20:02:16 Europe/Berlin] [CapMonster] TaskId: 1302150072
[27-Feb-2026 20:02:21 Europe/Berlin] [CapMonster] Poll: {"solution":{"gRecaptchaResponse":"0cAFcWeA7tENQZXNrKamlKOzHcO5s98NHHAabVmZEgbZc9l6P5HtIDYikMWyJg5sCfu1WtGMcF-GmX6thsTZJBVAhvkAuM7GryMco3ScNvSQuMhSnbdBETFMnMTJcxM8lygHj7aaXXRb3Tl4xvz9I7Obt8fJLcVKQKo0phl3-L2PJRvqRu70ir0jZWuuXcEqJ26B9SWtfgMOJusMefhRlrH0MJNNXsuw4W7fGQ9rxX6GMOnyjoEmuPk8fKTRfk0jqPGLNCk-QPDWsFndSw98EYzxMvNxzDUKmIhgxIs0BK3gc8t-otpdu5n75XDcMK4UeAZaewrGUI9b05Jk4ihvMj_9-JuUHLBWjT3fQtOdJqY38TdKirMk_Ui63irucyu3Tt9CnoxTYDVgTrHhBGfrk-PB7WLXu2O8h893Bifbhh_3nRwB84KH6-C-Oqt3-8iZ8SNJZdGqExcSxe1fKsYrQ76lyqbgcqxAbwCL6ZX-zvKdrgk7sdl8bZh2w0fYAx6BLH2l_cX-7NplvzGBvh9-nl5g7usL_yJs8hinVz_tmTXzBkHBqj0QSZMqMYrVUWZbWfDpLOspBTIHA1wpzKNk2twjfkHajKVFCDqm_L8iNhkrWKpJQ6dBGfrE__po5DKvFxbDIN38L01jwYX23JIGx7OT9bimTA8i7KKJ4wLSi8qOhiUm_pqVJuFkdiEhH1tI92rgdp-TM1CyLNOU2cMDpseaPZUESuTv45YSQR2kq7RiEOkYrVhWS-TOplThOzUphCZqucPuQ6R5B9tb582dcwzjmrZJsGwQbiDtL6NsAUmVY-4xVe6mdM1Kkd1u1Z5KeRjgf7WbIlyZXzjk3I7ScO80stpSGgq9a1UxsH-tYKlC3835I5LfWSiXRDjRYkojTkYwhzh-B4TAn4K5w91McSLLZli7RuhmB660i286RsPbYjDGukWRBOXM41IrJwz4iQBNKuHtKiw7ScM6yFJV-B1yXtp774uXCOgF_D4UZvHI9NIZyUSfYWsln8Zp15Q6DbLaGWZZQb_10l_9DqWdzU_Es3b5mi_7gEQAgFNa_gbkKQRMXmG3wzyHvfwEZLmL9pwrvupJvniMtywdroFMxwuSIVEAc_yIl2C23KX6jXS5-RtbezOMnyiUdkDN8CJ706dseYp5yK4_HPFtdjn2xdYlZ0b5U4tohJfxyEsfvzJNsljPNLWc-en4H7nHAsDEzSMKVLKAGK57GStEVWqbyxNS4WWsqpMTqYd-2aF3zLTRXiQO9kxJr6TJDVr8vXI0k2mVygE6weTCMzQ-xiSU8GyZSsHl6aqrS7msybo421B7X6opZKwyGAFaeqKmGet_SFyYBgZd95dcqKq7wiivvyLiYXx3p4Ek1k6jERpRbLgzVul1MIuge0SvkSt6q7bF4EWcPI0n-URr1-MZ5z8q5Ik6J2U9F4RpVHIdlJaTIhmUJ1QrnH1yGeF5agLOJATt0PGuSkGwXJmEyVljHIkgdiJnbXF6y1JfW3ZUilKW3oSIegNY7zi3aogQbPBYZqpdufzckz-hi7LV7eOgf9sT55gyuUMqtE7yYj7rMWvI7jpmlpQGMBC9eLXM4EouFBzqCuGDGQ7gt1_09laFmCR5yeOlSfOcKoVF4srYifdt2nAhbRIH85lbatmv0kDtU5MU8yqzAq7VaKfK8Pg5GW2DV_csRleDMmOvh-MdTU9k9H5Gqm4aYz-TOf2eEA7M1WZM25GdCluv_Bk9VQXpNG_QIXKN3kHGgOCy-uyeS54sH5RtlNHdQSlvaamHeSXmw3-_hCUneJ1wZHakdj3WFiQjnbt9cDVsWed356Vq3g-XNuyYxr5drzpYL8MFDo3nuNe2nTzQ9iiXMlSgdxTK-XaL-WtjA4kJ9jf_EiCZHcXSynZMYclZvVnBU6kuw0ud0tnnzSG9NTKYw-99R9a9IbdDLaMgnnzBFCC0K1IEckr3fvgQAWZxCKmz2DGRvIXYuX9yK-V3y0KNjEImf__-j5L-swPMvzwh4TgDp56w"},"cost":0.0006,"status":"ready","errorId":0,"errorCode":null,"errorDescription":null}
[27-Feb-2026 20:04:14 Europe/Berlin] [captcha] Sin caché válido, resolviendo en tiempo real...
[27-Feb-2026 20:04:16 Europe/Berlin] [CapMonster] TaskId: 1289464880
[27-Feb-2026 20:04:21 Europe/Berlin] [CapMonster] Poll: {"solution":{"gRecaptchaResponse":"0cAFcWeA65wy_d_2mQAO0tzTJDTHg3Cg6lE-sCkZ6F1i7ze8CJpgn1e3C9NpxqFCOkUB8UUqHs7PW4MXrA-577qVohwo9LiYezHdO-8UhzsPvrdWbjHhNstW3DHdmIjxeWZMOahyXoA35L7Zl_2dvQdI-dkh-KFxVpwoPJaaPIIl8mrI2WRZtWvWQuy1dWxuOj_Lde6j7qF29V5homsv1qrly5gyrLYMQTRyVgjRXxIxZv6lGOpx-SWdaWpyEC8HfaJDxAj9t9VgPx6yyJtL-N6RXD3fSCGGf4QGfAd9MGKlR9wazbJq7XsutPHf_kWwqKe2HU6UOwt8RyUJ43g4XQcF-SEA0pDCZhIHLzWBPMjC-Mi4GA1OQIXw0KraYIUWzT5aBf2Dz3LoT_lU0aQTIbxFLAFBFAh6YXpHfVjAmFgD7PZ-0rUUFGmS1gfX9S47CnVfE_S-JE2aECPejhxrSEDbZRgGaH4RXZHpGrU91Cq45SvswePgaTjl2HT6LnlmWZ9or_ealucv6YbAVBVxDEig174Fq2RA22-AhPKz57ArCzVr1gKsm2eo0J2OQ-sHZ2SNGFaJC533wiqIMW2jHs91UAjVGZyVN3xYCmyKMl0-EG8_Vr343l0V-G1zHbRcF5YKPHx7GccpUWzibeG2pTQJl5Dmcuf6uEkqz1yIQPwhIs3qd_kxpo5o9viymi3RBM49g0UbDx3pM7I2lC0_UH0iJCiyNBjq8Rslpk4AqclfpFD0IHiqtkuiKbcSofiKuILHSbGTHVJVnWUV5KeWwdDEw4_83Z3ESpEVf49I3Ih6eNtgN-3oY6KZLwg4OKNltbapIW0HAuHsLuW5fjALSravoN8p2OVfUwNipLDw3rdZVyqXngLwnlqrLBZl8GIxbKdNvIOqWexTmKGhzLRbAv2vC9MnSUTpM6CE2oIY_b6YxOrUFk8GQdxooSvFrY7ACgeu3qKOYj2XjQb4ttm7HAp8NMOisR1kp99ouH2GxXuyoOI6-lQWw-Tf3wgJoOX9lVYoRaB81-U2-1ThIMiWG7ckVgUuxI8YzPyR9OtJA7N9e-E3ArjmxI2bgLDeqsfVBMzwEASga7W_5sfzSZr09fsnVwNi_fTZcP9eCauCHsgbbIZ0JX1ghHVQFJ5PRGlRNG3JbKnQ2TwGG4lAw8uRkJ75Mye1aKmyw5WaNEaRGvdDL8gNzttp0mT_ltKJP2Zy9vMxnJ2F84T9cWarSM0uCTPSNW2WVl91VxNM7rdWAui9jepXNwhdWgMNSlyt727dsXfnJ72CVHvRDvY569ZSim3FTeHuqpdsbFKCe2iGuJ2n70uO66821uxhL4s288I4SSTFxRdG5Hy3dhc9lWVRFzBGtJxUsAIBZgFwpIa886odH9PeRS2JNWXc9LkQ4fLHOEg_b9EbX3Io8deon4buAW-YX8jEBOi2CAteoHZzFnciHxhE7Agt3GW5ie5d58AyVvzELxqfUbjtleYmXogdKXajHjyjtiJoc6B5R0cyHuz9CFivLG5fPTdPP-EEI1-MfggncBC2qMnzNLYHqOQRELQXTLxP3t7gaTRQMRdJkfdklAW0xAO4mgTBy-KeZDnuv-kPgCyvsiQ6MTkENwabkJOCTpAyh_EK9j3S3UOhYdbs4MM4imc5Ey-8qYkEKn1XMbs9PEDp3fODKc3c4Y1Jw80_mXnjodS5x4WoCfxA4bQ8cK4QjhtjCkIfRJ69Bl-BRkNHxqnV2ZLXIqCITCQdf2GAyGNdLuu-22e1-ozYyYC54hbxM0MH5H3IWIYrUwVsVQY2rAhD7-jHJ51T_3Zc5fU-ZWcGxrAf6HppZWJNgGd6EzUW3d6bGZSbw2p8TF-PQ4bZCnYiVUNm6TQeea6D9BakMfjCvq7fG_MTC3z0yA8UMakcZeKeFUxV_AxyYu0exZCeC0-qjbpKk7blIIrDIieQytl_Og6sAz_xrNHBEvR7UqXXgsursH78tStAY5AAP-dhyhEtEOYk29"},"cost":0.0006,"status":"ready","errorId":0,"errorCode":null,"errorDescription":null}
[27-Feb-2026 20:08:24 Europe/Berlin] [captcha] Token PRE-RESUELTO del caché ✅ (edad: 4s)
[27-Feb-2026 20:08:24 Europe/Berlin] [captcha] Renovación automática disparada en background 🔄
[27-Feb-2026 22:57:48 Europe/Berlin] [captcha] Token PRE-RESUELTO del caché ✅ (edad: 36s)
[27-Feb-2026 22:57:48 Europe/Berlin] [captcha] Renovación automática disparada en background 🔄
[27-Feb-2026 22:59:01 Europe/Berlin] [captcha] Sin caché válido, resolviendo en tiempo real...
[27-Feb-2026 22:59:03 Europe/Berlin] [CapMonster] TaskId: 1301710119
[27-Feb-2026 22:59:08 Europe/Berlin] [CapMonster] Poll: {"solution":{"gRecaptchaResponse":"0cAFcWeA5EYh9-PldSSUnYlYxXbWrsYwS0aRXT4AspEbgklbDW3eugh2R5SIdTVNztkiStNKAvqxyW0qw6SMtj6pUxAizQql7kGwIdI8eJYmJRzicPkOkbWWm6JLyJyrE4TtyWs3A7K-DdOQJzijhA80h_VTw5yfQN2Ac-7oIeKzJ3RqOSCbrP7put09ToM_jUq1KBR3V9w1KN0Y_pdDjPihHmu6xc0ObE4VX-NOCTouzms0N1YHpkyzN-DE3xOG9UURdTDRifS6Ny2_x_gjiHbPwvRmJIriUmucOecaaghcRAEUQYkare1blLew9Dnqpc2fbDc-vA4vqxJdrnr44kuhXMrGNnF1mNPRATaJUPh38YMde55gshxpFUqBYac6TItRkJjIX-3nx69EogeAVGzk1nWngX8C_QqEnacdMEa1vSMl1Uvd0sRwV1u1jOCH33wX7GUlPbhJ8OAyNbDoyESQc2wnwGE2OIHu4jGtTYiJefH6jxMGcKYATPzS-mvtlWfRXpzuLKHLoVMMAp9ylzO8NMsm-wx6pSIsBCC4qfGWpOGEQ54gCvZ_6l3ytSHDBM1MFaFgJ4zR8wWyl8yvIA2SEO0sDnvh3Lvm7LS2Z6jz__rrSq5cJmncPYRbzD_w31__fEeICKF151i_uJAeOr7x6-e9plol3btLLS1ZEV-aL5pWyA-CahgIsAgkePS07wLI3LAco_RLRzYA0hn5ue5KiI21H9ifZfkKiklKkIfvEERCFoOdtEFRebLD1jX6T8fN6IaFFkZkebFdG2E5arvGcrzHDiZTUgCVYpHC4gvpkrcSLyvcYv455dXMNgIMfEFPqBdySdoST3dTVt5eyixm7yV1LB1f02HMbfhU9REICjF5pzCycLz60szrQ2zZXrC1ouX3g9dmEq_u9c2X_WuHRrB-FavyDoabfKt3deHJCK7NuNgwACS0gFsouWon3khLJy_U5i3On2AH26p87Iag5LzJXlBn0skOEc1pMdeozyQK2r5KQ_ca2DrWBjv5O3-DjPYHG1TBn7jNADD62FqJ_vu0iD4O1tKypki0ljio5PYmq82AMF-DTN_FYBdr8YiG1KFatueVQzdn01x3z50JvZKpmn5_IgAx2laLdl7_YfyS70OAcmZ1dp5J4Kd4qkc2pLE7O1Qc7gx9CJIWCUa40CSpjK5vfIIW-M26d4FDNeCvQm4n0aKZ5C1rwdO2rx5whi3Pkm5tHcEH8KzD-zSg2_m4d3gv-4AK0piPdesFUfqjPUTjb9ef_pyqaQL7UOUxglt-VMSEf0McnlZ8uN1DoAfpbo8g3juKoBiUC2ozH0JGVMsJnmYimmRTy_Yau_6jTT0tT_1alIZvI1T1yepGZAq3zOf5wP-Neh1FqRl5MvtWoBJ3GJim4NTX9VRv40oxDfBc0z5oxhQLT6gD73FG4lE9U6VlUPNWgBDpmyN7qHuUh0A4hdR7EAGHgi6Gqi8scokMi5TuRms8GEFzPtFduNx6WU7L-6tjAFba3SMyBvhzZ17doavZxuUUX6_PnKbfWAP2ljYG59Z-PtC53iFaimcfV1CHrkYPi6krZP8RM8CW3YT8T1Yr60_IEgHfBfaVUVYYqflE8tOY9B8HbnLnbdxV-TMqyfiH0dgJrLQqMb_aqdL0JcIEVHWvZpucjQ7g92OTN3GBXnE26nkIeLDoKI0aZX9iMf4FSWt9Ctj0T92q0zZNjeS5KJF_N5KIsKPzUdE-TxjLe5i_MwLCO8Zq_w9HZCt8Wy2WqqFJUHQ7n4cpzTDfJpTeD5_AbggGBzKlVRHxRyQTVzaG8Jc4KJx4SPGO94iOFjItze5sATgoKKT-B8m9zNtU0JESlMSO3PLfm9sCo0JwtAR08QTTSWiPGMx92U8ZV9TouyAKj-aqGX1YTic5lrb3IpxLKeoSgPRtoXq1Cj-6_4BBLUMTz5uKy11YrgFlSjSg"},"cost":0.0006,"status":"ready","errorId":0,"errorCode":null,"errorDescription":null}
[27-Feb-2026 23:07:44 Europe/Berlin] [captcha] Token PRE-RESUELTO del caché ✅ (edad: 6s)
[27-Feb-2026 23:07:44 Europe/Berlin] [captcha] Renovación automática disparada en background 🔄
[27-Feb-2026 23:12:49 Europe/Berlin] [captcha] Token PRE-RESUELTO del caché ✅ (edad: 11s)
[27-Feb-2026 23:12:49 Europe/Berlin] [captcha] Renovación automática disparada en background 🔄
[27-Feb-2026 23:13:04 Europe/Berlin] [captcha] Sin caché válido, resolviendo en tiempo real...
[27-Feb-2026 23:13:08 Europe/Berlin] [CapMonster] TaskId: 1292253300
[27-Feb-2026 23:13:13 Europe/Berlin] [CapMonster] Poll: {"solution":{"gRecaptchaResponse":"0cAFcWeA7Ixv3hHtM9ZcXgkMcQ5-TGGVlP6WGMxzH7BmEkecTY4KvqVkFBVKtMu04lCE5j33jvWM4bIRTgZSiLWzBoHNU4KtO8T1O540SIiI8MIMfoUhPs1sQwRyIXmfsBNxMWKuTgMs9PfMakP7i3YIQmr4nVP1KPRRyzFhzR5W_BlvPUoDMnM3CsvUYEzdrL9EWCBNn5ldW2tnmYcAYsuoD82Wlrl4EQ1tv6lZElHJxSCrdY-oX90YXzUUf4w5pyIuT2RvQidJI7vionn7s1dVBnDfEFnykeUbehFc_tKiKgnoXcWaufHzES1BdW7-wJhCtpInXkPlEaotkNmDI3WddWsn6ffEQhmx28J_LHwwf87o-Jhqb0T4-__QSzLkKWZFxlAhhVNHN_f_6HsdRdZr1DJNClCPz-lxqRZ8UNXtV8FwftTskK_DhLsfC08_0_tVVQzBiRKWtIauYahfYyesaV8m8ruK9f6jBhEP2PDEyf0IO1rKUSaZLWrDURsVZg48sSnL1JlNqh8fQWINPZC1ewYUWRGieWTJf6b3P2QcPPMoMUvvxC2w6h4u-2L4XHEUtiiJMtJmgIWeOiFPwZbdVsfcZFgGSa_fKZnXDx-A7GxSOHbQMITD3mimeuNp2ThEw_vURygNal10M8lVOv5fLgoptKJyeF0zD3mOhAlJq1cED5-uVq5SUu3d6Xn7X2UkFMZ962gbKwVx5XSBma-rAjlutmr84KlRUAznne9AdoObea4IZqocoYZQrsmtm8LkFYQ9A7tEnQ4nWsZhXljhfi6Wo_H7S1iIcZ2EY8nyfP9Rh1Sodkv_5a9XpPnLj4bKIgV_V7Z8rfjqxXPdMj_QmiBY4lUl2EwowoZJWqoUUtgvzBPOiW0YXgVZ3D6u-meCrleDfDjoRanksMQwsy-LWCQZR56DLUQOrQSw962TszeBVk3nr9jkiVA8cOm_jhGvGE8thXWWYRzZsqfTt2xod6nZdu7BF_SS7o0IUN4x2dOwMxwlrvb4i6_m5_9D10N3otztUuNJspkp8jOIeNLkTeCrK776jHcrLSsnnRtM0rYugAcTjRYa2y6C0E87O8KQzTnvtsujPl_09exlkrFPLxGOqpV1B2upkc3yTF5hxTGc4WRibCeSCYYFf6B2QUemqqBgag9rI4ECN7U2VnZhi1jUlSteSxp5flo1imcyAKC6gfzgX0Rn-wj6wz537UOrwFsnq2nXxh02cLJfExA14gvhgbtUdvsb3zGPNMMC_2wyz9rV3zkNSEA3Z0_qE2GgYCPrfkhK0ZhUMQGB8rbMhxr1HXEi82-NP4jzEc7uLfGGjgn-G77b0nayAXzskwoofRADfGVb5Zwq2lyoYPFx6vIP9MGkJLmRwIbNURV1rfiQ0Gl7DWKJFdHB6f5DWByzb4cvi1odbs30szvW4-0R_knJb-AaOcPpOELM88TaXQj21ZwUHCP97VbdpB9VafYI-fHcs_5mFiPuT-Oe63nRJhXJu2D76JVfXHA_fcO17TgwQoAC1vFCytnEL_QEBohzibnPt-htIkkuyI6KyP_ThGqjnRSRD0KWpkHXR1vDPlRjuaRFWjQJYgq6sNDbh90-qxf6LYbAW-QQF2VH6Eq0k0MVNwEMFXvLlfX5UyjOtssV-bi-uh_2YN285_VqiSOEtMKFxpQ-o412cPiNHUT3SNbg8Ztkg1IpoRVQ9yPIJw9x-AaideU9uITLWlKMAgovjsGWU0KhvpXVVL9LU34crg1cg9YeECcy5OVEigul94e0gBcgPAECg-f1-r_majB90bd_-TJEVMbGhjQNGEdPJl_eJTt0nEzDG6xpEBh6Vv3E7W14x_KEKzTfQMulOsHa1vUz8hwt1VPsptkwWqZoQOUPG732PAuyAambeT-uGYIU2db546Kt1p7DB459EJgr23jG6CJQQXwEr_cWhb2VSo4CnHT4JjWvfwQD2I-RZpkGHTNS0BnSTdiqRnEOdDEws3SIhN0022WCHfgUDZBlEUwt0YK7xCXxll9W6JVR8ba7hKHtUPQPP7IDRakILXqkkDgXZIVE2Trix7kzhV9ilUdDM9Ici3liWNi6CNOCeL0uy0e9X6-qcmBCedsI0qvG-76Al37dFv0P82V5xuw_CCUDuymCnokgDirPkidQMylI_KJWY0Hm2tiSIPKYzw0GZhjtiGUgHNHKx_rg0jvP7lJOhAqehOFN10HVZpb9065k8jqFSispURShMW9rTLFKNSsNeamp2BbOZ4k6mOFOxWfzeypSQVhfpT_otzDR6OS4-Ie5z6Npry96AJZu5wrytfnsPkwMbr"},"cost":0.0006,"status":"ready","errorId":0,"errorCode":null,"errorDescription":null}
[27-Feb-2026 23:13:25 Europe/Berlin] [captcha] Sin caché válido, resolviendo en tiempo real...
[27-Feb-2026 23:13:26 Europe/Berlin] [CapMonster] TaskId: 1307261062
[27-Feb-2026 23:13:31 Europe/Berlin] [CapMonster] Poll: {"solution":{"gRecaptchaResponse":"0cAFcWeA7yh7H8GKDoGawMmzR64tMnxZbvbdL-DDW_YNyvjkl6F8iJsb-YuWN9kVMJthGJ6SXIeINC9rcrEtWCp3_UiOwdDbS8kJDSTBmNUXq5QkGauz3PXtzDPmKd4YGlDmLcHko4Y8nrLgpKJy8FrdRHJeWFGL1O3JOf_obqpFbUzD0zZYilmw-SW92ilkXoZM44SsTjm4FwBhKpZr_Wgd1IekYbW4raSsygfyAunLJdeKHGuAMgpuGr5HvMMGzDRDdIvKbOKyRtkl4c5qr_bY457WGTBaOXY41-mLH7xadOsQVPCYBdqqlRSvk2O9ER3vOuDsv-kspRlAugvjDuaOcvSvZ6_fpHl6GTXlByd8TPHFvTr680_8e7Jb9J3PrgBx_9dQekhf1JEgLAW6UW4NuHMP2TcAdHQNrfCw4yxjbwZ3YAsYL4FtG3pilwXarQG2vnu7n0qA6dvkHvEnHnRaUPveboHn_pES_kRFmMGwQr877TtRvS8rEbAIc4TD73j9b48yO5ijwSqHkcaMi1PavhelPJllbzpNC9GgQToP_sbYJH2zLOCUp0XG1mmZReCVt-LpmVblKptBnBPSP8zTiD9ZJKZutigZNsNDw_zV2W1QS3q7dJEwefQmT7nil6V9DtevB6p6vNnDSDT_75u-1sUAkOPP3-oRikCTx1SLUBGiItgKFXs1_Oc4mwzUBcOnFFpTKIzLbAxffRWr7kuNPRH40I23dv5cGO5HmkR2J2ZdIQrPYOmet-JGPDvwUAgD92lnx7h5Joiot_wVNwCA3xPm_2tgnKru3u9U0Si6jWylYRgnM-U9ainJPBJ-v6YTt3siq-37B3xbaxzrWDiK0lZPXLQcDbTJEZxetSOJQ1y3Q3U6ERUMdnuX3cAZOQYJMgbd3Czaun3J8p8gBVjGBjhlTIMBKKzUAJEE0KH4QDIiyLLIf-rscEMXYF8npB2ODOKnUpownY1ErsH-YTubCiu1m8dC72UExBRAxYybwmgmQ-jRT80DvIudZSsmFTCkOCsxsusOdh5nzIVThAI76GgrITvt-9f9TSAvUHGfcphHokxpoYJlzct35FYOomszjuEh_c0Rjw9DIhUFLksOkb3sedCs6O8J2WDxZlqfgTt88a3OVFPyz_E2OAI_4uhmQJsyEjjG7KvXmA4hNss8EFopAU2P_uJAgoHup1r8IZO7pqSpV2lIgI3rANYLhNDBvtxXFAmRRbiGrbS6w-ecYJqN5eXjJWjo8vL-39GVacbAAEhbJsUYzNn_YKeRLm1TDyK0zSwi2MgS5JZqoSdOcw1nfn2moboPO35eN5EnF_DYsqNJnACPNFmdKO5-Ys3Zw6cYTSaqpFsLbFAx7s3Q3vMryLwKaKIkne_EcSirrbhhAnb7NFb1yh4P_UplLiYEmENMKFFqMPmdEEX5jC51m22FIhxb6XHuZpjbJVsTxlnIOgG6PoxsA1Y1xzXQ1a_M9bKv10Oeu3LcLwsk11LtI3ISza8j2YLFuCPwXA96wen6hSm4l7t3lmuVywMJcD8L4ANcnyt5ME1VhxU06DWTT1ME0XT1YNu5HpV-OYBrsLbFHeDVHKrWhQPZLIOlCYrg9G7oTYfr46dk25KRSt7DrUhYef-z5dorFvJGOGU27u-a10N2NXLbXzW-M11hgoBqhpJRYHz-STXMe65RYaJdiobsmub1QCU_CGxS62IUGKhwpxq8qpemlMRz9-KVxxX52p0GacTpFX8wd64tZUM_zC2l_bsdugMIyfXmEhJx6lrrGj6Mu8goMhkfToGwMKZIbzX4YTUbGBo0q0GMhuT7QCN_QKra-yR5Dd4o39EYufh3a8A8xXP63vaGM4ZqVx4MU9iIdDLxXDhHQx0w2lTtpkr-pvmLy-OO2swgH4fWQp_qstswC0DUyAyQ9FiTyg0jlpRFfEgndoY-OH0ttX_2iEuGkDm96RQuAH4ZzDG6ybk_hABepC1pMtMerpvP8EvI7ywCVEMm9dKRyWonMzZvfjOAKKqnIwIwKYGsEBI7cyhyNXowbW-vUvfBg2tCNRLUHG2saiHWcKuMD08EFkiQ6wu5sshDCGU9y-CcDaa9xSY24nv8oKb4Exzywi8Qira3dqXcz-qpmDRHAeOuHcJOenSu5Tk2ZLF2citYEjaBEOXGe46TCO40_JjcwvC5t4mv59mQ8AIsQxYoorHAX23uANOx2m_7TcJZt9QkHuVGkggXK1Db4MFTs1Ls3e17WIiohyvi3_AmZr"},"cost":0.0006,"status":"ready","errorId":0,"errorCode":null,"errorDescription":null}
[27-Feb-2026 23:13:55 Europe/Berlin] [captcha] Token PRE-RESUELTO del caché ✅ (edad: 14s)
[27-Feb-2026 23:13:55 Europe/Berlin] [captcha] Renovación automática disparada en background 🔄
[27-Feb-2026 23:14:08 Europe/Berlin] [captcha] Sin caché válido, resolviendo en tiempo real...
[27-Feb-2026 23:14:10 Europe/Berlin] [CapMonster] TaskId: 1304570034
[27-Feb-2026 23:14:15 Europe/Berlin] [CapMonster] Poll: {"status":"processing","errorId":0,"errorCode":null,"errorDescription":null}
[27-Feb-2026 23:14:19 Europe/Berlin] [CapMonster] Poll: {"status":"processing","errorId":0,"errorCode":null,"errorDescription":null}
[27-Feb-2026 23:14:23 Europe/Berlin] [CapMonster] Poll: {"solution":{"gRecaptchaResponse":"0cAFcWeA4Z0n3MkQaYOE4hIeCfAO3rJZr4tuByvRK7SJB9MlZ7ZNgSnJL3PFXdJFdzyuEQF_GIogZozgWR7YrbY3fLCaChnZ445EC5tv0Hx-_7a6T-46357heil-9_mJKGxamNNRloGm7Bw2oPZN0_MakTyyjKXlRj-I0N67T4fVQxh-H3ecMUgNMTNCLxj1pjjVOsyjcfAllRBMYw3YTII6v4QKJb7nBw8n1yxVjpwsZ8mSjccPR9aMSR-1oAX6UOGZwTD5WhlqTg1jTJEtJKh199FCCippeGqkZLCsNI3jEOzEWIl74Vvjt1SYoK9b6oW1wSuU9EfGGeK6COXNydmLTZZAofI3TMzx9V6wYLJukRM802kbe70ei4TKomdJwtUTINdC3VqMLhZ-2Lp1CsLB8CNFPUkCjUXuLZKEErUsanBZ0sXqCDjJvKTR3tPw66aYbjwF-bszFU2nFSwbeOjewNrbr-N5iYpUkk4GQAVqw9FF2_VDvnCwnF4j47e0fluVjSOKej8-iiJhA0V_ypjx7FoJnX0FjF3Ot9LBIK_l2ar7Hahu3muUKOgcw6sxjYDNUpUGIKtAY3tT1DbzB0a96OAgqfb7usyBjuom4xVQxd9vosR40G4Wb3zL8U7zOYlFi-gx7GkjVtQ-Bc_PkdLn0uT5MWQ7lWnNJd0jO5v8xQlhneJpGSTyDilbv3SwxrqgXaZy1JDdPSx3RKAry9hw_KSuPRgRQuINqxUMO1r87_cL1PxTyRaOzzZQnrHuxxo2nRcxZ5ZWvd2sdIQzbGGa5IN58YGzd_aFOn3QQ-4_cs0LGEBAGyG6FgbBXXgO0xTYmL7FohESpmizr6ByvMHA9IYoWkM_e4N_okTELo6gpJd3uqRLqMVoHy7Q4Xr_d0XxandvtaTau__0htiVzKve4WKmHsKGCHi62-jlhH-IR4PVYfEEZ-m6uSSHkpb__5iNuLarnCo1Eeurl7CsjNy0zaFLK-jDVlgVjFLQVMk5xWYgp5q6S8DGxkF1pOE2j31nM0ydSDncVmc711naCbtsLP7vZROx9Ply6mSlClTE10vtBQeLvERhI_93bliMVH4gNXLYlf_HxPQXR2EKUXSzJVhZYwJuL7sCMFJSswYQARYR5DrwwC2an3MG425qTcLZg4rcNQmFckBAupAfJVuiiIwlGt3xX50y1qGZTEk6-A7LGJD-wmL5__qI-8szK09giVNORN1QowAxf1mKMmBPc19pcUi6BDrSkME5YkUuHdoUf4reAGuYVt5EqQllk3cAvmF3GkRsxQcBFiGN82MoopiA4RV6wm9J1VpedjUI26OSFsGRPcEU_NuXID1-PqfeL-lACM2m35VgnN7XWywyLNDRImzsNF0MpvOoQ2HzlCIa9-aZmWcWDu4kEWzFi6aIDIElvOKApVS9cVQFxtKPLXMb0VFLSkolejhZ3QUvoKJD2cN7aBGNoOptua-DJ0nutIr-dugvLa29kMSFvSL99fo7PPR-9CvwR8LFl9cXCNzZTqYsY_FqtQSBADkkZynLajY6ilUrbOfKl6ce-XJCBFmFMD9vbjaG6VVhO5yu-3rCA9BUy1RCelhisZ8C3E2jofAwQZ__jle4-OKXG7CAR6DpzJnWEeuyIeC1_YjH0jzzFBFInKvQsqxNSdxaVCqNHop1ozgw4LipUIaL2_rCiEACYDfd3xW77bAT8qBfOgnB3PRtIEosjdFEjj1SVOpmFUQMHZAhcgT7MbF08qyRMlMQsnwXTbbCqTIhpM5zd_J46n_yFLEmmh96W4Hluf4tC2xVocxiAVZKx1Me5HfJ6oHuNxcIsE-24qvT-FLZ44g3VaEWGXI291o-OAbIcWT36G8wYsn6yW8lBK5EiDNkchWxq8eLYdF4JUkTjpIzR3wkevEf59q5B8sQnFIjYBwhmlrFWOhmZBXDQFeNotPeXlnapOWdMoi-06o0zbQl7P-0nWrFe5N3YBdOBCR_qvyG1OxGTSN1aR3REQe8ZqA2Z-eDQ2gseCuxo1AZ5XGOz8pGumxkLTAmHugOVC1j7RYRjc9KKsuid-inw0t1sQSZgb23OcqfpDLuC1WcT5WNfGrjjyIuyBKwraqFqhH9SOte6TJzNdyoSsCNh_rzUw2_l8AmSvyTZLTRK717ojowxRyTV0hcRPHih7fvzdF3Cn8GlvK9efakxatNIA86XocW6frzG138Lex_yeuNbHr9VQqp4Xkd8PmWI"},"cost":0.0006,"status":"ready","errorId":0,"errorCode":null,"errorDescription":null}
[27-Feb-2026 23:15:02 Europe/Berlin] [captcha] Token PRE-RESUELTO del caché ✅ (edad: 5s)
[27-Feb-2026 23:15:02 Europe/Berlin] [captcha] Renovación automática disparada en background 🔄
[27-Feb-2026 23:15:41 Europe/Berlin] [captcha] Sin caché válido, resolviendo en tiempo real...
[27-Feb-2026 23:15:42 Europe/Berlin] [CapMonster] TaskId: 1301403918
[27-Feb-2026 23:15:46 Europe/Berlin] [CapMonster] Poll: {"solution":{"gRecaptchaResponse":"0cAFcWeA42w35r-l80XgxtLFGPvAFREDmyMfd8Dlh8FwBjyNlfwFxH9M1NpmTanAPcFo2tlnnDv9QVU555JzkRUHWG-uQSTUKIBNhgS_5u97Ua7Zhti2wPK1zvmLHb1qTMqoFjxql8rw3c1aWuLzGzKCqhktQ8VjSw8GxJrewZafOowTbPxn1GcDM8kUyndT7_WQ9cub5YbCPW7RmfaPvIMS63dLbLOAbRLYqpc0ailc8G1Mj9I9HNxqqWU6w0n3crx6ZK-GUtShlo966P_OntZcBd-VFwwkiRrk1uSb0ePzoiR7YVuqDWfKFQN2odGripIx4UpUixI3hHl6ig9CKtpfcutQeOdj4hShgE_9puGC6p92uDBWkVtIf88T_mhzxjctFfe3TFCaSmqle3yRmUqulCzozingwNRzKN5HfGQp7mVouVuyxkqnOuHNnm4xFJKzDp91xwQQrQhuMjkUWSJr-GRkllxHLuoacOdxQqL6i6_hF7WEcYXopwwR9NkUUsDQxNT4HpoNPQpNjyb4Kj45AAV-pQl9BrY9rl1Wpv3ZFmyI2vaGiOJGUxewBffKC8i2ZNzkIN8_fkLiI68mTuR98_omLhejdcKx9cd10L5zzktmInNeRmHrRjcLCsrZ_CL9SIVnUgfttvSkCoZKHEwJj_ibCxgAmIMpK2OqjeS7fIhxtjsOte_YJFsWwzprUpPjVEPRDYgAGPI_qcASriDCU6Bwcv0AgSoY7qvfWURccF15mc0pCOptp8sHqaGmzsUCFi9sQFWEG26ZBeqc8LiLVu_pv0cfsWR-gjTUKQDxwoV3_Qp1rtS38yqogQPJaiXN4DQmfG8emsx43dE7QqpD6Kwq8kfuWWKewTVbWaA3Twg07PFG3ZDj2R42mL5dRKoyiJQ_4IsqzZjn3tjq8kWjAJxL_HYAMVnWGC7Irh78RawDxshY669dQGyo2Lcm2_Sg7vZcPjNp_0MPp-wSu_PCHgU0aTNslOpinmbeGLGCX56VI4NO36dCfbWJ_f66g5cfF1Byk4plpXYcsQmtUxW96UDwUO7SeEebLRa_AllFJRm9dXGzfhM31vQXm4q8_3nhC5ZgJ303v78BC13gDzCcVMA7uZapla4q4ev5RtNCSdMcfAjYtP-fgIdZcldOFnW8NLkMAhQrEV_wUhCKLLSLyz66q7WX0e5hYYM5S051v_Qulx02MNfY6T0_zQpQpvLrp_5ZjyzT9Ea44JFDGallFX_jjc5QmEViQYUhOljImO7j4WYcULbUSIpAGZTMSt4qOpk2htHdZPPCwChuaY1nYBac2M0_L4vA3p3yCPhv_pN4uIZGhzEhKPO1AZT1TQd7eTy-yVJUL4gFZFsJL1qHsYG8qxxJztSQ8zFFGEE-u2Jd2N6yEXTe-LgxdsTq6qRKol9nwUbycEM1mK_Doj1epW2-VXhO-3xscWuX50UG7ZYvPFupUlYQGzSZxlqi_9iy9VkD9h_LyUmRCKLLwD7nm0VTjITDp8IRI8UCOnQMIyPP9nyB1-p2yIx4B0rNWh3V42nddIJS0A4jhPrXCqFctZzkla4VKkzyI3TwWuBWHC4y1lSoXt-0BdruLVd9nAWRXg8KGSrTo--rh5z-ShmTQhuAaD5cn9UmB47JkCqDG9FIZMXS_qaJh7lI4Lkh2RhCbYvl9OvCarRURIi342G2DcMZwYB8gq12_n-kRLdK00kC-T_2cDBBZjctdMek3XB68BjSav84ToF9mZyblUnwvG_uCwcds1P32Vgf8Ra1fO_7sw7CavcK4jlvRaskN21c-FL1AO58Kb3lQIN9WTKetjd6l36a84HJwHCAqBYCZ7L1YoaEG1VarzoPx-rNwcfeLb33PSZUzcrLqy_90p6inufb_AhBmrcZHanhvKmF3blfDeodTGr9S2THNgVsr7colks4DxWCDB0z_K8gVeIT8wDvrIrV5iB1t4KMvc2PLwZwvhWYjcoE4"},"cost":0.0006,"status":"ready","errorId":0,"errorCode":null,"errorDescription":null}
[27-Feb-2026 23:16:02 Europe/Berlin] [captcha] Sin caché válido, resolviendo en tiempo real...
[27-Feb-2026 23:16:03 Europe/Berlin] [CapMonster] TaskId: 1325578531
[27-Feb-2026 23:16:07 Europe/Berlin] [CapMonster] Poll: {"solution":{"gRecaptchaResponse":"0cAFcWeA5kpuTN6m47XBECo-KGPhHJJY9dcyjS78pOjkVdSyQ0rSBoTjd1HuD1hRBpkgeQo_NfcQKDjbSI2A1c5vntEckhEL4Rqxtr3E8ppqjJhX4rTBwiXPRPFWSFLZJDcyh9qQIueEFco_oqjjE495KzGMxAX_yC8Y4_74ShpJTvT8XXIothW8kzESW0ize3w8kBype4Hc_hNHpDDlEwRLaGN7pK6nn81aA82XHzNB-OJDrvS7YFydIMM3ORL-iqBclLoi9BUck7-Fsog2WuvFj2ZWItmCmGfxnPmmrikZnnWZUDAYVJtDGM4EW0ZIq6beGuuoLX7QjDd5jGXMd9-bAF3FLmGEBrdZdRZjPTs1o5skKIpTmhAYuDon6Sb60YFrHlSXpr4YUWu5McR-LgFClDKKRippnXPhcvzTQ7y2mszo8TTNYMw5i5LkaW4saaOVT4XAa4ENG2prFxi09xnVqySnpMkbUwFI_eWoM0oy-OxoHjIgeoGcH5dNHZbdyGuCcyM1CgXNNIpFUgdD9yShe-kK7g9js65m_trbcFSiO3anXidRPoN-BbXfo560XHC56gfCdc19aXoGjCARPzVg5o53GLEj0JLlSg8V662rng74T6s_4U8QzGHSv49NIMp4CIUQkjcWbMoyaJsCAeqpKSTb6CusvrLb8JofM_sZFnzfd1lj9RNaQFoovV1ctNlenYqiVr6EdtBeEUcKWqw4iHk1amOtWWce2_Q8Z6aL1nTXAVzEXj_x91n-BiF72dz13WR-EAOh5pmR8GVsfUhXLrSD2mgSYTLZvLBqElueZt3QmdQqAWVjmjW1VGvOaW9_Z6Ajx3p7aB2L2We-e2bXeYH6bb_nOubhk9kBZN3RTXirMJpEpCGdt8FD1qnK9S9gG4FIklhJqOpSFA_ucAL4f01vq2vscsNEkISDVR0IK_6vgVSq8wyz2I6N5towBPKUlpMQXc2gc3MFkHkGITWAfOS9FSCf1GXxfAisR-O6E4MLp45JEkuZ-98cfTiVTeQNCfP4jLlyLjG5jG9eCplsd2HdqKF7MRwoS-PQuppcaT-qJZpXHrunzjvO2nj1gpEWhKnpCYsCEIgjWYOYUDESShXRPDjE5rcy4vsoaW7vatZe0RN1mhPlt8pyR5qweKs7nzaMgh8fXQpAXxepOpOTzjvKemsMJRqpZN0Qu2vt0727JUreect_V2jeIk1mfUmCjo64Vq9e8PjiNEm42kO_8fFkTzGJ4dhCE6I0ZCCVf9PLi2cM3BwTKj6TPIh29jgTrWB6bKrj2f0fghXv1IEGzidYlQuXzN9pm56nK2KovzFKrNIqPYVjjwVwJaLXaDmKudDrpJaRMEBI-8AfrOm4RsIrIrbKXPFZfwvOligVMGqX8McTgpM0OClUujEK9yPbp6tfPV_-ZYjEckLtkTVyxMoHr3CYBunkxTB8Yir7cTk1hLilFEXyhOkM8uU6ONPdK9JO92PI_YmAcyu-yTq3D7pLtzoGcFQGQ38iiCqDCHY-XvK0Qaba2A_l_1vwex8sayCfKn69nc9_QzfLEVenA96hjH4V8CUDETSEoPVnl4TNtLLp3mxW9zeXzcxvjts54BjNchbezWt2oo8_NfLpWPQnzfqGjZkbkekcl2OmXVVp521sh-Jm31yGmHL1X3rhpNMZEE9qDYSIfgn0k9hTwaM2Emm7jPnJcgsDTL8GP5MDktzbycTao853GQLeHbV8L94RvY5Dv0J4FTkItt_fLnTBPv-qmWJKqUrWgXdkIE_q7CW-J7uD5DA5ZTczVfAo2HF7OgrWqFpDAsTSXNxsySfx3nD1tA5YmJBHjJLpozOSeoocMuhf5Iu1jX09REIJyffaHpH4KbEiL_qVtgsGAmqoCyJAJCP-ifOqBDYFp8qELcsKW1mv2fu0gFWgsBIPtk8Oam2DiAqiSUeb4p0mSFUB-DqQAP0D4pBHic4ibfvXFj1Kfeu8cDjGp8drv_J1-Cs8t0hxVfduusvFOUBJHIksR5D51SeoSOYgRrI4uwoZ40R3Kbs3ZfLyhds98GeUKx3MP-LEjPvVSuk6ttvo81vz1EjYJD2fMFtVItiQIPnshCqRr0SjLJ6Bvt9prUugWnfggyUiBpxNW3ji4J62zVXiaxYvgsGIFcOmCYgl1EiL0YPz2sUnOT5rn9jIXRE196i8ZEBXYHfvPkPJBYnQWYJh3peQwzl5hq1r1NLpgc582iEArlzCNaOndyK6nZe4xbUdO2Dw5C"},"cost":0.0006,"status":"ready","errorId":0,"errorCode":null,"errorDescription":null}
[27-Feb-2026 23:19:27 Europe/Berlin] [captcha] Token PRE-RESUELTO del caché ✅ (edad: 7s)
[27-Feb-2026 23:19:27 Europe/Berlin] [captcha] Renovación automática disparada en background 🔄
